<?xml version="1.0" encoding="UTF-8"?>
<!-- Generated by org.testng.reporters.JUnitReportReporter -->
<testsuite hostname="Jays-Mac-mini-3.local" failures="0" tests="4" name="testPackage.LeaseAssetsTest" time="97.454" errors="0" timestamp="2024-03-14T17:33:30 IST" skipped="0">
  <testcase classname="testPackage.LeaseAssetsTest" name="createLease" time="37.873"/>
  <system-out/>
  <testcase classname="testPackage.LeaseAssetsTest" name="searchLease" time="10.267"/>
  <system-out/>
  <testcase classname="testPackage.LeaseAssetsTest" name="editField" time="17.071"/>
  <system-out/>
  <testcase classname="testPackage.LeaseAssetsTest" name="deleteLease" time="32.243"/>
  <system-out/>
</testsuite> <!-- testPackage.LeaseAssetsTest -->
