<?xml version="1.0" encoding="UTF-8"?>
<!-- Generated by org.testng.reporters.JUnitReportReporter -->
<testsuite hostname="DESKTOP-413ULGP" failures="0" tests="4" name="testPackage.CompanyAssetsTest" time="44.358" errors="0" timestamp="2024-02-12T12:26:35 IST" skipped="0">
  <testcase classname="testPackage.CompanyAssetsTest" name="createCompany" time="19.780"/>
  <system-out/>
  <testcase classname="testPackage.CompanyAssetsTest" name="searchCompany" time="5.349"/>
  <system-out/>
  <testcase classname="testPackage.CompanyAssetsTest" name="editCompany" time="11.677"/>
  <system-out/>
  <testcase classname="testPackage.CompanyAssetsTest" name="deleteCompany" time="7.552"/>
  <system-out/>
</testsuite> <!-- testPackage.CompanyAssetsTest -->
