<?xml version="1.0" encoding="UTF-8"?>
<!-- Generated by org.testng.reporters.JUnitReportReporter -->
<testsuite hostname="Jays-Mac-mini-3.local" failures="0" tests="4" name="testPackage.FieldAssetsTest" time="65.557" errors="0" timestamp="2024-02-26T19:04:05 IST" skipped="0">
  <testcase classname="testPackage.FieldAssetsTest" name="createField" time="28.172"/>
  <system-out/>
  <testcase classname="testPackage.FieldAssetsTest" name="searchFleld" time="3.964"/>
  <system-out/>
  <testcase classname="testPackage.FieldAssetsTest" name="editField" time="9.328"/>
  <system-out/>
  <testcase classname="testPackage.FieldAssetsTest" name="deleteField" time="24.093"/>
  <system-out/>
</testsuite> <!-- testPackage.FieldAssetsTest -->
