<?xml version="1.0" encoding="UTF-8"?>
<!-- Generated by org.testng.reporters.JUnitReportReporter -->
<testsuite hostname="Jays-Mac-mini-3.local" failures="0" tests="4" name="testPackage.LeaseGroupAssetsTest" time="73.240" errors="0" timestamp="2024-04-12T12:04:25 IST" skipped="0">
  <testcase classname="testPackage.LeaseGroupAssetsTest" name="createLeaseGroup" time="27.405"/>
  <system-out/>
  <testcase classname="testPackage.LeaseGroupAssetsTest" name="searchLeaseGroup" time="9.809"/>
  <system-out/>
  <testcase classname="testPackage.LeaseGroupAssetsTest" name="EditLeaseGroup" time="15.352"/>
  <system-out/>
  <testcase classname="testPackage.LeaseGroupAssetsTest" name="deleteLeaseGroup" time="20.674"/>
  <system-out/>
</testsuite> <!-- testPackage.LeaseGroupAssetsTest -->
