<?xml version="1.0" encoding="UTF-8"?>
<!-- Generated by org.testng.reporters.JUnitReportReporter -->
<testsuite hostname="Jays-Mac-mini-3.local" failures="0" tests="4" name="testPackage.FieldAssetsTest" time="82.463" errors="0" timestamp="2024-04-08T15:11:00 IST" skipped="0">
  <testcase classname="testPackage.FieldAssetsTest" name="createField" time="32.639"/>
  <system-out/>
  <testcase classname="testPackage.FieldAssetsTest" name="searchFleld" time="10.690"/>
  <system-out/>
  <testcase classname="testPackage.FieldAssetsTest" name="editField" time="16.653"/>
  <system-out/>
  <testcase classname="testPackage.FieldAssetsTest" name="deleteField" time="22.481"/>
  <system-out/>
</testsuite> <!-- testPackage.FieldAssetsTest -->
