<?xml version="1.0" encoding="UTF-8"?>
<!-- Generated by org.testng.reporters.JUnitReportReporter -->
<testsuite hostname="DESKTOP-413ULGP" failures="0" tests="4" name="testPackage.FieldAssetsTest" time="76.665" errors="0" timestamp="2024-02-23T00:00:41 IST" skipped="0">
  <testcase classname="testPackage.FieldAssetsTest" name="createField" time="30.680"/>
  <system-out/>
  <testcase classname="testPackage.FieldAssetsTest" name="searchFleld" time="6.588"/>
  <system-out/>
  <testcase classname="testPackage.FieldAssetsTest" name="editField" time="12.275"/>
  <system-out/>
  <testcase classname="testPackage.FieldAssetsTest" name="deleteField" time="27.122"/>
  <system-out/>
</testsuite> <!-- testPackage.FieldAssetsTest -->
