<?xml version="1.0" encoding="UTF-8"?>
<!-- Generated by org.testng.reporters.JUnitReportReporter -->
<testsuite hostname="Jays-Mac-mini-3.local" failures="0" tests="4" name="testPackage.CompanyAssetsTest" time="78.309" errors="0" timestamp="2024-04-08T15:11:00 IST" skipped="0">
  <testcase classname="testPackage.CompanyAssetsTest" name="createCompany" time="21.508"/>
  <system-out/>
  <testcase classname="testPackage.CompanyAssetsTest" name="searchCompany" time="12.924"/>
  <system-out/>
  <testcase classname="testPackage.CompanyAssetsTest" name="editCompany" time="19.359"/>
  <system-out/>
  <testcase classname="testPackage.CompanyAssetsTest" name="deleteCompany" time="24.518"/>
  <system-out/>
</testsuite> <!-- testPackage.CompanyAssetsTest -->
