<?xml version="1.0" encoding="UTF-8"?>
<!-- Generated by org.testng.reporters.JUnitReportReporter -->
<testsuite hostname="Jays-Mac-mini-3.local" failures="0" tests="4" name="testPackage.FieldAssetsTest" time="64.880" errors="0" timestamp="2024-02-21T18:41:32 IST" skipped="0">
  <testcase classname="testPackage.FieldAssetsTest" name="createField" time="28.050"/>
  <system-out/>
  <testcase classname="testPackage.FieldAssetsTest" name="searchFleld" time="4.720"/>
  <system-out/>
  <testcase classname="testPackage.FieldAssetsTest" name="editField" time="9.349"/>
  <system-out/>
  <testcase classname="testPackage.FieldAssetsTest" name="deleteField" time="22.761"/>
  <system-out/>
</testsuite> <!-- testPackage.FieldAssetsTest -->
