<?xml version="1.0" encoding="UTF-8"?>
<!-- Generated by org.testng.reporters.JUnitReportReporter -->
<testsuite hostname="Jays-Mac-mini-3.local" failures="0" tests="1" name="testPackage.LoginTest" time="21.927" errors="0" timestamp="2024-02-08T11:23:23 IST" skipped="0">
  <testcase classname="testPackage.LoginTest" name="validLoginTest" time="21.927"/>
  <system-out/>
</testsuite> <!-- testPackage.LoginTest -->
