<?xml version="1.0" encoding="UTF-8"?>
<!-- Generated by org.testng.reporters.JUnitReportReporter -->
<testsuite hostname="Jays-Mac-mini-3.local" failures="0" tests="1" name="testPackage.LoginTest" time="16.745" errors="0" timestamp="2024-02-26T19:04:05 IST" skipped="0">
  <testcase classname="testPackage.LoginTest" name="validLoginTest" time="16.745"/>
  <system-out/>
</testsuite> <!-- testPackage.LoginTest -->
