<?xml version="1.0" encoding="UTF-8"?>
<!-- Generated by org.testng.reporters.JUnitReportReporter -->
<testsuite hostname="Jays-Mac-mini-3.local" failures="0" tests="4" name="testPackage.CompanyAssetsTest" time="51.236" errors="0" timestamp="2024-02-21T18:41:32 IST" skipped="0">
  <testcase classname="testPackage.CompanyAssetsTest" name="createCompany" time="17.836"/>
  <system-out/>
  <testcase classname="testPackage.CompanyAssetsTest" name="searchCompany" time="3.117"/>
  <system-out/>
  <testcase classname="testPackage.CompanyAssetsTest" name="editCompany" time="8.399"/>
  <system-out/>
  <testcase classname="testPackage.CompanyAssetsTest" name="deleteCompany" time="21.884"/>
  <system-out/>
</testsuite> <!-- testPackage.CompanyAssetsTest -->
