<?xml version="1.0" encoding="UTF-8"?>
<!-- Generated by org.testng.reporters.JUnitReportReporter -->
<testsuite hostname="Jays-Mac-mini-3.local" failures="0" tests="4" name="testPackage.CompanyAssetsTest" time="41.940" errors="0" timestamp="2024-02-15T11:57:41 IST" skipped="0">
  <testcase classname="testPackage.CompanyAssetsTest" name="createCompany" time="8.922"/>
  <system-out/>
  <testcase classname="testPackage.CompanyAssetsTest" name="searchCompany" time="3.150"/>
  <system-out/>
  <testcase classname="testPackage.CompanyAssetsTest" name="editCompany" time="8.424"/>
  <system-out/>
  <testcase classname="testPackage.CompanyAssetsTest" name="deleteCompany" time="21.444"/>
  <system-out/>
</testsuite> <!-- testPackage.CompanyAssetsTest -->
