<?xml version="1.0" encoding="UTF-8"?>
<!-- Generated by org.testng.reporters.JUnitReportReporter -->
<testsuite hostname="DESKTOP-413ULGP" failures="0" tests="4" name="testPackage.CompanyAssetsTest" time="60.336" errors="0" timestamp="2024-02-23T00:00:41 IST" skipped="0">
  <testcase classname="testPackage.CompanyAssetsTest" name="createCompany" time="19.355"/>
  <system-out/>
  <testcase classname="testPackage.CompanyAssetsTest" name="searchCompany" time="4.507"/>
  <system-out/>
  <testcase classname="testPackage.CompanyAssetsTest" name="editCompany" time="11.137"/>
  <system-out/>
  <testcase classname="testPackage.CompanyAssetsTest" name="deleteCompany" time="25.337"/>
  <system-out/>
</testsuite> <!-- testPackage.CompanyAssetsTest -->
