<?xml version="1.0" encoding="UTF-8"?>
<!-- Generated by org.testng.reporters.JUnitReportReporter -->
<testsuite hostname="Jays-Mac-mini-3.local" failures="0" tests="1" name="testPackage.CompanyAssetsTest" time="17.254" errors="0" timestamp="2024-02-13T18:34:55 IST" skipped="0">
  <testcase classname="testPackage.CompanyAssetsTest" name="createCompany" time="17.254"/>
  <system-out/>
</testsuite> <!-- testPackage.CompanyAssetsTest -->
