<?xml version="1.0" encoding="UTF-8"?>
<!-- Generated by org.testng.reporters.JUnitReportReporter -->
<testsuite hostname="Jays-Mac-mini-3.local" failures="0" tests="4" name="testPackage.TankBatteryAssetsTest" time="69.983" errors="0" timestamp="2024-03-21T14:16:28 IST" skipped="0">
  <testcase classname="testPackage.TankBatteryAssetsTest" name="createTankBattery" time="24.757"/>
  <system-out/>
  <testcase classname="testPackage.TankBatteryAssetsTest" name="searchTankBattery" time="9.656"/>
  <system-out/>
  <testcase classname="testPackage.TankBatteryAssetsTest" name="EditTankBattery" time="15.159"/>
  <system-out/>
  <testcase classname="testPackage.TankBatteryAssetsTest" name="deleteSublease" time="20.411"/>
  <system-out/>
</testsuite> <!-- testPackage.TankBatteryAssetsTest -->
