<?xml version="1.0" encoding="UTF-8"?>
<!-- Generated by org.testng.reporters.JUnitReportReporter -->
<testsuite hostname="DESKTOP-413ULGP" failures="0" tests="4" name="testPackage.CompanyAssetsTest" time="35.642" errors="0" timestamp="2024-02-09T22:32:31 IST" skipped="0">
  <testcase classname="testPackage.CompanyAssetsTest" name="createCompany" time="11.506"/>
  <system-out/>
  <testcase classname="testPackage.CompanyAssetsTest" name="searchCompany" time="5.320"/>
  <system-out/>
  <testcase classname="testPackage.CompanyAssetsTest" name="editCompany" time="11.526"/>
  <system-out/>
  <testcase classname="testPackage.CompanyAssetsTest" name="deleteCompany" time="7.290"/>
  <system-out/>
</testsuite> <!-- testPackage.CompanyAssetsTest -->
