<?xml version="1.0" encoding="UTF-8"?>
<!-- Generated by org.testng.reporters.JUnitReportReporter -->
<testsuite hostname="Jays-Mac-mini-3.local" failures="0" tests="4" name="testPackage.CompanyAssetsTest" time="40.199" errors="0" timestamp="2024-02-09T17:28:19 IST" skipped="0">
  <testcase classname="testPackage.CompanyAssetsTest" name="createCompany" time="19.282"/>
  <system-out/>
  <testcase classname="testPackage.CompanyAssetsTest" name="searchCompany" time="4.657"/>
  <system-out/>
  <testcase classname="testPackage.CompanyAssetsTest" name="editCompany" time="9.789"/>
  <system-out/>
  <testcase classname="testPackage.CompanyAssetsTest" name="deleteCompany" time="6.471"/>
  <system-out/>
</testsuite> <!-- testPackage.CompanyAssetsTest -->
