<?xml version="1.0" encoding="UTF-8"?>
<!-- Generated by org.testng.reporters.JUnitReportReporter -->
<testsuite hostname="Jays-Mac-mini-3.local" failures="0" tests="4" name="testPackage.FieldAssetsTest" time="102.415" errors="0" timestamp="2024-03-14T18:21:52 IST" skipped="0">
  <testcase classname="testPackage.FieldAssetsTest" name="createField" time="21.419"/>
  <system-out/>
  <testcase classname="testPackage.FieldAssetsTest" name="searchFleld" time="20.160"/>
  <system-out/>
  <testcase classname="testPackage.FieldAssetsTest" name="editField" time="21.404"/>
  <system-out/>
  <testcase classname="testPackage.FieldAssetsTest" name="deleteField" time="39.432"/>
  <system-out/>
</testsuite> <!-- testPackage.FieldAssetsTest -->
