<?xml version="1.0" encoding="UTF-8"?>
<!-- Generated by org.testng.reporters.JUnitReportReporter -->
<testsuite hostname="Jays-Mac-mini-3.local" failures="0" tests="3" name="testPackage.WellAssetsTest" time="82.517" errors="0" timestamp="2024-04-11T15:00:48 IST" skipped="0">
  <testcase classname="testPackage.WellAssetsTest" name="createWell" time="44.730"/>
  <system-out/>
  <testcase classname="testPackage.WellAssetsTest" name="editWell" time="19.188"/>
  <system-out/>
  <testcase classname="testPackage.WellAssetsTest" name="deleteWell" time="18.599"/>
  <system-out/>
</testsuite> <!-- testPackage.WellAssetsTest -->
