<?xml version="1.0" encoding="UTF-8"?>
<!-- Generated by org.testng.reporters.JUnitReportReporter -->
<testsuite hostname="Jays-Mac-mini-3.local" failures="0" tests="1" name="testPackage.LoginTest" time="34.505" errors="0" timestamp="2024-03-18T13:35:52 IST" skipped="0">
  <testcase classname="testPackage.LoginTest" name="validLoginTest" time="34.505"/>
  <system-out/>
</testsuite> <!-- testPackage.LoginTest -->
