<?xml version="1.0" encoding="UTF-8"?>
<!-- Generated by org.testng.reporters.JUnitReportReporter -->
<testsuite hostname="Jays-Mac-mini-3.local" failures="0" tests="4" name="testPackage.CompanyAssetsTest" time="46.263" errors="0" timestamp="2024-02-19T17:49:44 IST" skipped="0">
  <testcase classname="testPackage.CompanyAssetsTest" name="createCompany" time="7.949"/>
  <system-out/>
  <testcase classname="testPackage.CompanyAssetsTest" name="searchCompany" time="3.257"/>
  <system-out/>
  <testcase classname="testPackage.CompanyAssetsTest" name="editCompany" time="9.399"/>
  <system-out/>
  <testcase classname="testPackage.CompanyAssetsTest" name="deleteCompany" time="25.658"/>
  <system-out/>
</testsuite> <!-- testPackage.CompanyAssetsTest -->
