<?xml version="1.0" encoding="UTF-8"?>
<!-- Generated by org.testng.reporters.JUnitReportReporter -->
<testsuite hostname="Jays-Mac-mini-3.local" failures="0" tests="2" name="testPackage.TankAssetsTest" time="0.575" errors="1" timestamp="2024-03-21T18:04:35 IST" skipped="1">
  <testcase classname="testPackage.TankAssetsTest" name="createTank" time="0.000">
    <skipped/>
  </testcase> <!-- createTank -->
  <system-out/>
  <testcase classname="testPackage.TankAssetsTest" name="assignObjectForClass" time="0.575">
    <error type="java.lang.StackOverflowError">
      <![CDATA[java.lang.StackOverflowError
at java.base/jdk.internal.reflect.Reflection.verifyMemberAccess(Reflection.java:141)
at java.base/java.lang.reflect.AccessibleObject.slowVerifyAccess(AccessibleObject.java:715)
at java.base/java.lang.reflect.AccessibleObject.verifyAccess(AccessibleObject.java:701)
at java.base/java.lang.reflect.AccessibleObject.checkAccess(AccessibleObject.java:673)
at java.base/java.lang.reflect.Constructor.newInstanceWithCaller(Constructor.java:489)
at java.base/java.lang.reflect.Constructor.newInstance(Constructor.java:480)
at org.openqa.selenium.support.pagefactory.Annotations.buildBy(Annotations.java:76)
at org.openqa.selenium.support.pagefactory.DefaultElementLocator.<init>(DefaultElementLocator.java:58)
at org.openqa.selenium.support.pagefactory.DefaultElementLocator.<init>(DefaultElementLocator.java:46)
at org.openqa.selenium.support.pagefactory.DefaultElementLocatorFactory.createLocator(DefaultElementLocatorFactory.java:32)
at org.openqa.selenium.support.pagefactory.DefaultFieldDecorator.decorate(DefaultFieldDecorator.java:55)
at org.openqa.selenium.support.PageFactory.proxyFields(PageFactory.java:109)
at org.openqa.selenium.support.PageFactory.initElements(PageFactory.java:101)
at org.openqa.selenium.support.PageFactory.initElements(PageFactory.java:88)
at org.openqa.selenium.support.PageFactory.initElements(PageFactory.java:76)
at pageClass.DashBoardPage.<init>(DashBoardPage.java:50)
at pageClass.TankAssetsPage.<init>(TankAssetsPage.java:32)
at pageClass.commonLocatorsRepo.<init>(commonLocatorsRepo.java:25)
at pageClass.DashBoardPage.<init>(DashBoardPage.java:52)
at pageClass.TankAssetsPage.<init>(TankAssetsPage.java:32)
at pageClass.commonLocatorsRepo.<init>(commonLocatorsRepo.java:25)
at pageClass.DashBoardPage.<init>(DashBoardPage.java:52)
at pageClass.TankAssetsPage.<init>(TankAssetsPage.java:32)
at pageClass.commonLocatorsRepo.<init>(commonLocatorsRepo.java:25)
at pageClass.DashBoardPage.<init>(DashBoardPage.java:52)
at pageClass.TankAssetsPage.<init>(TankAssetsPage.java:32)
at pageClass.commonLocatorsRepo.<init>(commonLocatorsRepo.java:25)
at pageClass.DashBoardPage.<init>(DashBoardPage.java:52)
at pageClass.TankAssetsPage.<init>(TankAssetsPage.java:32)
at pageClass.commonLocatorsRepo.<init>(commonLocatorsRepo.java:25)
at pageClass.DashBoardPage.<init>(DashBoardPage.java:52)
at pageClass.TankAssetsPage.<init>(TankAssetsPage.java:32)
at pageClass.commonLocatorsRepo.<init>(commonLocatorsRepo.java:25)
at pageClass.DashBoardPage.<init>(DashBoardPage.java:52)
at pageClass.TankAssetsPage.<init>(TankAssetsPage.java:32)
at pageClass.commonLocatorsRepo.<init>(commonLocatorsRepo.java:25)
at pageClass.DashBoardPage.<init>(DashBoardPage.java:52)
at pageClass.TankAssetsPage.<init>(TankAssetsPage.java:32)
at pageClass.commonLocatorsRepo.<init>(commonLocatorsRepo.java:25)
at pageClass.DashBoardPage.<init>(DashBoardPage.java:52)
at pageClass.TankAssetsPage.<init>(TankAssetsPage.java:32)
at pageClass.commonLocatorsRepo.<init>(commonLocatorsRepo.java:25)
at pageClass.DashBoardPage.<init>(DashBoardPage.java:52)
at pageClass.TankAssetsPage.<init>(TankAssetsPage.java:32)
at pageClass.commonLocatorsRepo.<init>(commonLocatorsRepo.java:25)
at pageClass.DashBoardPage.<init>(DashBoardPage.java:52)
at pageClass.TankAssetsPage.<init>(TankAssetsPage.java:32)
at pageClass.commonLocatorsRepo.<init>(commonLocatorsRepo.java:25)
at pageClass.DashBoardPage.<init>(DashBoardPage.java:52)
at pageClass.TankAssetsPage.<init>(TankAssetsPage.java:32)
at pageClass.commonLocatorsRepo.<init>(commonLocatorsRepo.java:25)
at pageClass.DashBoardPage.<init>(DashBoardPage.java:52)
at pageClass.TankAssetsPage.<init>(TankAssetsPage.java:32)
at pageClass.commonLocatorsRepo.<init>(commonLocatorsRepo.java:25)
at pageClass.DashBoardPage.<init>(DashBoardPage.java:52)
at pageClass.TankAssetsPage.<init>(TankAssetsPage.java:32)
at pageClass.commonLocatorsRepo.<init>(commonLocatorsRepo.java:25)
at pageClass.DashBoardPage.<init>(DashBoardPage.java:52)
at pageClass.TankAssetsPage.<init>(TankAssetsPage.java:32)
at pageClass.commonLocatorsRepo.<init>(commonLocatorsRepo.java:25)
at pageClass.DashBoardPage.<init>(DashBoardPage.java:52)
at pageClass.TankAssetsPage.<init>(TankAssetsPage.java:32)
at pageClass.commonLocatorsRepo.<init>(commonLocatorsRepo.java:25)
at pageClass.DashBoardPage.<init>(DashBoardPage.java:52)
at pageClass.TankAssetsPage.<init>(TankAssetsPage.java:32)
at pageClass.commonLocatorsRepo.<init>(commonLocatorsRepo.java:25)
at pageClass.DashBoardPage.<init>(DashBoardPage.java:52)
at pageClass.TankAssetsPage.<init>(TankAssetsPage.java:32)
at pageClass.commonLocatorsRepo.<init>(commonLocatorsRepo.java:25)
at pageClass.DashBoardPage.<init>(DashBoardPage.java:52)
at pageClass.TankAssetsPage.<init>(TankAssetsPage.java:32)
at pageClass.commonLocatorsRepo.<init>(commonLocatorsRepo.java:25)
at pageClass.DashBoardPage.<init>(DashBoardPage.java:52)
at pageClass.TankAssetsPage.<init>(TankAssetsPage.java:32)
at pageClass.commonLocatorsRepo.<init>(commonLocatorsRepo.java:25)
at pageClass.DashBoardPage.<init>(DashBoardPage.java:52)
at pageClass.TankAssetsPage.<init>(TankAssetsPage.java:32)
at pageClass.commonLocatorsRepo.<init>(commonLocatorsRepo.java:25)
at pageClass.DashBoardPage.<init>(DashBoardPage.java:52)
at pageClass.TankAssetsPage.<init>(TankAssetsPage.java:32)
at pageClass.commonLocatorsRepo.<init>(commonLocatorsRepo.java:25)
at pageClass.DashBoardPage.<init>(DashBoardPage.java:52)
at pageClass.TankAssetsPage.<init>(TankAssetsPage.java:32)
at pageClass.commonLocatorsRepo.<init>(commonLocatorsRepo.java:25)
at pageClass.DashBoardPage.<init>(DashBoardPage.java:52)
at pageClass.TankAssetsPage.<init>(TankAssetsPage.java:32)
at pageClass.commonLocatorsRepo.<init>(commonLocatorsRepo.java:25)
at pageClass.DashBoardPage.<init>(DashBoardPage.java:52)
at pageClass.TankAssetsPage.<init>(TankAssetsPage.java:32)
at pageClass.commonLocatorsRepo.<init>(commonLocatorsRepo.java:25)
at pageClass.DashBoardPage.<init>(DashBoardPage.java:52)
at pageClass.TankAssetsPage.<init>(TankAssetsPage.java:32)
at pageClass.commonLocatorsRepo.<init>(commonLocatorsRepo.java:25)
at pageClass.DashBoardPage.<init>(DashBoardPage.java:52)
at pageClass.TankAssetsPage.<init>(TankAssetsPage.java:32)
at pageClass.commonLocatorsRepo.<init>(commonLocatorsRepo.java:25)
at pageClass.DashBoardPage.<init>(DashBoardPage.java:52)
at pageClass.TankAssetsPage.<init>(TankAssetsPage.java:32)
at pageClass.commonLocatorsRepo.<init>(commonLocatorsRepo.java:25)
at pageClass.DashBoardPage.<init>(DashBoardPage.java:52)
at pageClass.TankAssetsPage.<init>(TankAssetsPage.java:32)
at pageClass.commonLocatorsRepo.<init>(commonLocatorsRepo.java:25)
at pageClass.DashBoardPage.<init>(DashBoardPage.java:52)
at pageClass.TankAssetsPage.<init>(TankAssetsPage.java:32)
at pageClass.commonLocatorsRepo.<init>(commonLocatorsRepo.java:25)
at pageClass.DashBoardPage.<init>(DashBoardPage.java:52)
at pageClass.TankAssetsPage.<init>(TankAssetsPage.java:32)
at pageClass.commonLocatorsRepo.<init>(commonLocatorsRepo.java:25)
at pageClass.DashBoardPage.<init>(DashBoardPage.java:52)
at pageClass.TankAssetsPage.<init>(TankAssetsPage.java:32)
at pageClass.commonLocatorsRepo.<init>(commonLocatorsRepo.java:25)
at pageClass.DashBoardPage.<init>(DashBoardPage.java:52)
at pageClass.TankAssetsPage.<init>(TankAssetsPage.java:32)
at pageClass.commonLocatorsRepo.<init>(commonLocatorsRepo.java:25)
at pageClass.DashBoardPage.<init>(DashBoardPage.java:52)
at pageClass.TankAssetsPage.<init>(TankAssetsPage.java:32)
at pageClass.commonLocatorsRepo.<init>(commonLocatorsRepo.java:25)
at pageClass.DashBoardPage.<init>(DashBoardPage.java:52)
at pageClass.TankAssetsPage.<init>(TankAssetsPage.java:32)
at pageClass.commonLocatorsRepo.<init>(commonLocatorsRepo.java:25)
at pageClass.DashBoardPage.<init>(DashBoardPage.java:52)
at pageClass.TankAssetsPage.<init>(TankAssetsPage.java:32)
at pageClass.commonLocatorsRepo.<init>(commonLocatorsRepo.java:25)
at pageClass.DashBoardPage.<init>(DashBoardPage.java:52)
at pageClass.TankAssetsPage.<init>(TankAssetsPage.java:32)
at pageClass.commonLocatorsRepo.<init>(commonLocatorsRepo.java:25)
at pageClass.DashBoardPage.<init>(DashBoardPage.java:52)
at pageClass.TankAssetsPage.<init>(TankAssetsPage.java:32)
at pageClass.commonLocatorsRepo.<init>(commonLocatorsRepo.java:25)
at pageClass.DashBoardPage.<init>(DashBoardPage.java:52)
at pageClass.TankAssetsPage.<init>(TankAssetsPage.java:32)
at pageClass.commonLocatorsRepo.<init>(commonLocatorsRepo.java:25)
at pageClass.DashBoardPage.<init>(DashBoardPage.java:52)
at pageClass.TankAssetsPage.<init>(TankAssetsPage.java:32)
at pageClass.commonLocatorsRepo.<init>(commonLocatorsRepo.java:25)
at pageClass.DashBoardPage.<init>(DashBoardPage.java:52)
at pageClass.TankAssetsPage.<init>(TankAssetsPage.java:32)
at pageClass.commonLocatorsRepo.<init>(commonLocatorsRepo.java:25)
at pageClass.DashBoardPage.<init>(DashBoardPage.java:52)
at pageClass.TankAssetsPage.<init>(TankAssetsPage.java:32)
at pageClass.commonLocatorsRepo.<init>(commonLocatorsRepo.java:25)
at pageClass.DashBoardPage.<init>(DashBoardPage.java:52)
at pageClass.TankAssetsPage.<init>(TankAssetsPage.java:32)
at pageClass.commonLocatorsRepo.<init>(commonLocatorsRepo.java:25)
at pageClass.DashBoardPage.<init>(DashBoardPage.java:52)
at pageClass.TankAssetsPage.<init>(TankAssetsPage.java:32)
at pageClass.commonLocatorsRepo.<init>(commonLocatorsRepo.java:25)
at pageClass.DashBoardPage.<init>(DashBoardPage.java:52)
at pageClass.TankAssetsPage.<init>(TankAssetsPage.java:32)
at pageClass.commonLocatorsRepo.<init>(commonLocatorsRepo.java:25)
at pageClass.DashBoardPage.<init>(DashBoardPage.java:52)
at pageClass.TankAssetsPage.<init>(TankAssetsPage.java:32)
at pageClass.commonLocatorsRepo.<init>(commonLocatorsRepo.java:25)
at pageClass.DashBoardPage.<init>(DashBoardPage.java:52)
at pageClass.TankAssetsPage.<init>(TankAssetsPage.java:32)
at pageClass.commonLocatorsRepo.<init>(commonLocatorsRepo.java:25)
at pageClass.DashBoardPage.<init>(DashBoardPage.java:52)
at pageClass.TankAssetsPage.<init>(TankAssetsPage.java:32)
at pageClass.commonLocatorsRepo.<init>(commonLocatorsRepo.java:25)
at pageClass.DashBoardPage.<init>(DashBoardPage.java:52)
at pageClass.TankAssetsPage.<init>(TankAssetsPage.java:32)
at pageClass.commonLocatorsRepo.<init>(commonLocatorsRepo.java:25)
at pageClass.DashBoardPage.<init>(DashBoardPage.java:52)
at pageClass.TankAssetsPage.<init>(TankAssetsPage.java:32)
at pageClass.commonLocatorsRepo.<init>(commonLocatorsRepo.java:25)
at pageClass.DashBoardPage.<init>(DashBoardPage.java:52)
at pageClass.TankAssetsPage.<init>(TankAssetsPage.java:32)
at pageClass.commonLocatorsRepo.<init>(commonLocatorsRepo.java:25)
at pageClass.DashBoardPage.<init>(DashBoardPage.java:52)
at pageClass.TankAssetsPage.<init>(TankAssetsPage.java:32)
at pageClass.commonLocatorsRepo.<init>(commonLocatorsRepo.java:25)
at pageClass.DashBoardPage.<init>(DashBoardPage.java:52)
at pageClass.TankAssetsPage.<init>(TankAssetsPage.java:32)
at pageClass.commonLocatorsRepo.<init>(commonLocatorsRepo.java:25)
at pageClass.DashBoardPage.<init>(DashBoardPage.java:52)
at pageClass.TankAssetsPage.<init>(TankAssetsPage.java:32)
at pageClass.commonLocatorsRepo.<init>(commonLocatorsRepo.java:25)
at pageClass.DashBoardPage.<init>(DashBoardPage.java:52)
at pageClass.TankAssetsPage.<init>(TankAssetsPage.java:32)
at pageClass.commonLocatorsRepo.<init>(commonLocatorsRepo.java:25)
at pageClass.DashBoardPage.<init>(DashBoardPage.java:52)
at pageClass.TankAssetsPage.<init>(TankAssetsPage.java:32)
at pageClass.commonLocatorsRepo.<init>(commonLocatorsRepo.java:25)
at pageClass.DashBoardPage.<init>(DashBoardPage.java:52)
at pageClass.TankAssetsPage.<init>(TankAssetsPage.java:32)
at pageClass.commonLocatorsRepo.<init>(commonLocatorsRepo.java:25)
at pageClass.DashBoardPage.<init>(DashBoardPage.java:52)
at pageClass.TankAssetsPage.<init>(TankAssetsPage.java:32)
at pageClass.commonLocatorsRepo.<init>(commonLocatorsRepo.java:25)
at pageClass.DashBoardPage.<init>(DashBoardPage.java:52)
at pageClass.TankAssetsPage.<init>(TankAssetsPage.java:32)
at pageClass.commonLocatorsRepo.<init>(commonLocatorsRepo.java:25)
at pageClass.DashBoardPage.<init>(DashBoardPage.java:52)
at pageClass.TankAssetsPage.<init>(TankAssetsPage.java:32)
at pageClass.commonLocatorsRepo.<init>(commonLocatorsRepo.java:25)
at pageClass.DashBoardPage.<init>(DashBoardPage.java:52)
at pageClass.TankAssetsPage.<init>(TankAssetsPage.java:32)
at pageClass.commonLocatorsRepo.<init>(commonLocatorsRepo.java:25)
at pageClass.DashBoardPage.<init>(DashBoardPage.java:52)
at pageClass.TankAssetsPage.<init>(TankAssetsPage.java:32)
at pageClass.commonLocatorsRepo.<init>(commonLocatorsRepo.java:25)
at pageClass.DashBoardPage.<init>(DashBoardPage.java:52)
at pageClass.TankAssetsPage.<init>(TankAssetsPage.java:32)
at pageClass.commonLocatorsRepo.<init>(commonLocatorsRepo.java:25)
at pageClass.DashBoardPage.<init>(DashBoardPage.java:52)
at pageClass.TankAssetsPage.<init>(TankAssetsPage.java:32)
at pageClass.commonLocatorsRepo.<init>(commonLocatorsRepo.java:25)
at pageClass.DashBoardPage.<init>(DashBoardPage.java:52)
at pageClass.TankAssetsPage.<init>(TankAssetsPage.java:32)
at pageClass.commonLocatorsRepo.<init>(commonLocatorsRepo.java:25)
at pageClass.DashBoardPage.<init>(DashBoardPage.java:52)
at pageClass.TankAssetsPage.<init>(TankAssetsPage.java:32)
at pageClass.commonLocatorsRepo.<init>(commonLocatorsRepo.java:25)
at pageClass.DashBoardPage.<init>(DashBoardPage.java:52)
at pageClass.TankAssetsPage.<init>(TankAssetsPage.java:32)
at pageClass.commonLocatorsRepo.<init>(commonLocatorsRepo.java:25)
at pageClass.DashBoardPage.<init>(DashBoardPage.java:52)
at pageClass.TankAssetsPage.<init>(TankAssetsPage.java:32)
at pageClass.commonLocatorsRepo.<init>(commonLocatorsRepo.java:25)
at pageClass.DashBoardPage.<init>(DashBoardPage.java:52)
at pageClass.TankAssetsPage.<init>(TankAssetsPage.java:32)
at pageClass.commonLocatorsRepo.<init>(commonLocatorsRepo.java:25)
at pageClass.DashBoardPage.<init>(DashBoardPage.java:52)
at pageClass.TankAssetsPage.<init>(TankAssetsPage.java:32)
at pageClass.commonLocatorsRepo.<init>(commonLocatorsRepo.java:25)
at pageClass.DashBoardPage.<init>(DashBoardPage.java:52)
at pageClass.TankAssetsPage.<init>(TankAssetsPage.java:32)
at pageClass.commonLocatorsRepo.<init>(commonLocatorsRepo.java:25)
at pageClass.DashBoardPage.<init>(DashBoardPage.java:52)
at pageClass.TankAssetsPage.<init>(TankAssetsPage.java:32)
at pageClass.commonLocatorsRepo.<init>(commonLocatorsRepo.java:25)
at pageClass.DashBoardPage.<init>(DashBoardPage.java:52)
at pageClass.TankAssetsPage.<init>(TankAssetsPage.java:32)
at pageClass.commonLocatorsRepo.<init>(commonLocatorsRepo.java:25)
at pageClass.DashBoardPage.<init>(DashBoardPage.java:52)
at pageClass.TankAssetsPage.<init>(TankAssetsPage.java:32)
at pageClass.commonLocatorsRepo.<init>(commonLocatorsRepo.java:25)
at pageClass.DashBoardPage.<init>(DashBoardPage.java:52)
at pageClass.TankAssetsPage.<init>(TankAssetsPage.java:32)
at pageClass.commonLocatorsRepo.<init>(commonLocatorsRepo.java:25)
at pageClass.DashBoardPage.<init>(DashBoardPage.java:52)
at pageClass.TankAssetsPage.<init>(TankAssetsPage.java:32)
at pageClass.commonLocatorsRepo.<init>(commonLocatorsRepo.java:25)
at pageClass.DashBoardPage.<init>(DashBoardPage.java:52)
at pageClass.TankAssetsPage.<init>(TankAssetsPage.java:32)
at pageClass.commonLocatorsRepo.<init>(commonLocatorsRepo.java:25)
at pageClass.DashBoardPage.<init>(DashBoardPage.java:52)
at pageClass.TankAssetsPage.<init>(TankAssetsPage.java:32)
at pageClass.commonLocatorsRepo.<init>(commonLocatorsRepo.java:25)
at pageClass.DashBoardPage.<init>(DashBoardPage.java:52)
at pageClass.TankAssetsPage.<init>(TankAssetsPage.java:32)
at pageClass.commonLocatorsRepo.<init>(commonLocatorsRepo.java:25)
at pageClass.DashBoardPage.<init>(DashBoardPage.java:52)
at pageClass.TankAssetsPage.<init>(TankAssetsPage.java:32)
at pageClass.commonLocatorsRepo.<init>(commonLocatorsRepo.java:25)
at pageClass.DashBoardPage.<init>(DashBoardPage.java:52)
at pageClass.TankAssetsPage.<init>(TankAssetsPage.java:32)
at pageClass.commonLocatorsRepo.<init>(commonLocatorsRepo.java:25)
at pageClass.DashBoardPage.<init>(DashBoardPage.java:52)
at pageClass.TankAssetsPage.<init>(TankAssetsPage.java:32)
at pageClass.commonLocatorsRepo.<init>(commonLocatorsRepo.java:25)
at pageClass.DashBoardPage.<init>(DashBoardPage.java:52)
at pageClass.TankAssetsPage.<init>(TankAssetsPage.java:32)
at pageClass.commonLocatorsRepo.<init>(commonLocatorsRepo.java:25)
at pageClass.DashBoardPage.<init>(DashBoardPage.java:52)
at pageClass.TankAssetsPage.<init>(TankAssetsPage.java:32)
at pageClass.commonLocatorsRepo.<init>(commonLocatorsRepo.java:25)
at pageClass.DashBoardPage.<init>(DashBoardPage.java:52)
at pageClass.TankAssetsPage.<init>(TankAssetsPage.java:32)
at pageClass.commonLocatorsRepo.<init>(commonLocatorsRepo.java:25)
at pageClass.DashBoardPage.<init>(DashBoardPage.java:52)
at pageClass.TankAssetsPage.<init>(TankAssetsPage.java:32)
at pageClass.commonLocatorsRepo.<init>(commonLocatorsRepo.java:25)
at pageClass.DashBoardPage.<init>(DashBoardPage.java:52)
at pageClass.TankAssetsPage.<init>(TankAssetsPage.java:32)
at pageClass.commonLocatorsRepo.<init>(commonLocatorsRepo.java:25)
at pageClass.DashBoardPage.<init>(DashBoardPage.java:52)
at pageClass.TankAssetsPage.<init>(TankAssetsPage.java:32)
at pageClass.commonLocatorsRepo.<init>(commonLocatorsRepo.java:25)
at pageClass.DashBoardPage.<init>(DashBoardPage.java:52)
at pageClass.TankAssetsPage.<init>(TankAssetsPage.java:32)
at pageClass.commonLocatorsRepo.<init>(commonLocatorsRepo.java:25)
at pageClass.DashBoardPage.<init>(DashBoardPage.java:52)
at pageClass.TankAssetsPage.<init>(TankAssetsPage.java:32)
at pageClass.commonLocatorsRepo.<init>(commonLocatorsRepo.java:25)
at pageClass.DashBoardPage.<init>(DashBoardPage.java:52)
at pageClass.TankAssetsPage.<init>(TankAssetsPage.java:32)
at pageClass.commonLocatorsRepo.<init>(commonLocatorsRepo.java:25)
at pageClass.DashBoardPage.<init>(DashBoardPage.java:52)
at pageClass.TankAssetsPage.<init>(TankAssetsPage.java:32)
at pageClass.commonLocatorsRepo.<init>(commonLocatorsRepo.java:25)
at pageClass.DashBoardPage.<init>(DashBoardPage.java:52)
at pageClass.TankAssetsPage.<init>(TankAssetsPage.java:32)
at pageClass.commonLocatorsRepo.<init>(commonLocatorsRepo.java:25)
at pageClass.DashBoardPage.<init>(DashBoardPage.java:52)
at pageClass.TankAssetsPage.<init>(TankAssetsPage.java:32)
at pageClass.commonLocatorsRepo.<init>(commonLocatorsRepo.java:25)
at pageClass.DashBoardPage.<init>(DashBoardPage.java:52)
at pageClass.TankAssetsPage.<init>(TankAssetsPage.java:32)
at pageClass.commonLocatorsRepo.<init>(commonLocatorsRepo.java:25)
at pageClass.DashBoardPage.<init>(DashBoardPage.java:52)
at pageClass.TankAssetsPage.<init>(TankAssetsPage.java:32)
at pageClass.commonLocatorsRepo.<init>(commonLocatorsRepo.java:25)
at pageClass.DashBoardPage.<init>(DashBoardPage.java:52)
at pageClass.TankAssetsPage.<init>(TankAssetsPage.java:32)
at pageClass.commonLocatorsRepo.<init>(commonLocatorsRepo.java:25)
at pageClass.DashBoardPage.<init>(DashBoardPage.java:52)
at pageClass.TankAssetsPage.<init>(TankAssetsPage.java:32)
at pageClass.commonLocatorsRepo.<init>(commonLocatorsRepo.java:25)
at pageClass.DashBoardPage.<init>(DashBoardPage.java:52)
at pageClass.TankAssetsPage.<init>(TankAssetsPage.java:32)
at pageClass.commonLocatorsRepo.<init>(commonLocatorsRepo.java:25)
at pageClass.DashBoardPage.<init>(DashBoardPage.java:52)
at pageClass.TankAssetsPage.<init>(TankAssetsPage.java:32)
at pageClass.commonLocatorsRepo.<init>(commonLocatorsRepo.java:25)
at pageClass.DashBoardPage.<init>(DashBoardPage.java:52)
at pageClass.TankAssetsPage.<init>(TankAssetsPage.java:32)
at pageClass.commonLocatorsRepo.<init>(commonLocatorsRepo.java:25)
at pageClass.DashBoardPage.<init>(DashBoardPage.java:52)
at pageClass.TankAssetsPage.<init>(TankAssetsPage.java:32)
at pageClass.commonLocatorsRepo.<init>(commonLocatorsRepo.java:25)
at pageClass.DashBoardPage.<init>(DashBoardPage.java:52)
at pageClass.TankAssetsPage.<init>(TankAssetsPage.java:32)
at pageClass.commonLocatorsRepo.<init>(commonLocatorsRepo.java:25)
at pageClass.DashBoardPage.<init>(DashBoardPage.java:52)
at pageClass.TankAssetsPage.<init>(TankAssetsPage.java:32)
at pageClass.commonLocatorsRepo.<init>(commonLocatorsRepo.java:25)
at pageClass.DashBoardPage.<init>(DashBoardPage.java:52)
at pageClass.TankAssetsPage.<init>(TankAssetsPage.java:32)
at pageClass.commonLocatorsRepo.<init>(commonLocatorsRepo.java:25)
at pageClass.DashBoardPage.<init>(DashBoardPage.java:52)
at pageClass.TankAssetsPage.<init>(TankAssetsPage.java:32)
at pageClass.commonLocatorsRepo.<init>(commonLocatorsRepo.java:25)
at pageClass.DashBoardPage.<init>(DashBoardPage.java:52)
at pageClass.TankAssetsPage.<init>(TankAssetsPage.java:32)
at pageClass.commonLocatorsRepo.<init>(commonLocatorsRepo.java:25)
at pageClass.DashBoardPage.<init>(DashBoardPage.java:52)
at pageClass.TankAssetsPage.<init>(TankAssetsPage.java:32)
at pageClass.commonLocatorsRepo.<init>(commonLocatorsRepo.java:25)
at pageClass.DashBoardPage.<init>(DashBoardPage.java:52)
at pageClass.TankAssetsPage.<init>(TankAssetsPage.java:32)
at pageClass.commonLocatorsRepo.<init>(commonLocatorsRepo.java:25)
at pageClass.DashBoardPage.<init>(DashBoardPage.java:52)
at pageClass.TankAssetsPage.<init>(TankAssetsPage.java:32)
at pageClass.commonLocatorsRepo.<init>(commonLocatorsRepo.java:25)
at pageClass.DashBoardPage.<init>(DashBoardPage.java:52)
at pageClass.TankAssetsPage.<init>(TankAssetsPage.java:32)
at pageClass.commonLocatorsRepo.<init>(commonLocatorsRepo.java:25)
at pageClass.DashBoardPage.<init>(DashBoardPage.java:52)
at pageClass.TankAssetsPage.<init>(TankAssetsPage.java:32)
at pageClass.commonLocatorsRepo.<init>(commonLocatorsRepo.java:25)
at pageClass.DashBoardPage.<init>(DashBoardPage.java:52)
at pageClass.TankAssetsPage.<init>(TankAssetsPage.java:32)
at pageClass.commonLocatorsRepo.<init>(commonLocatorsRepo.java:25)
at pageClass.DashBoardPage.<init>(DashBoardPage.java:52)
at pageClass.TankAssetsPage.<init>(TankAssetsPage.java:32)
at pageClass.commonLocatorsRepo.<init>(commonLocatorsRepo.java:25)
at pageClass.DashBoardPage.<init>(DashBoardPage.java:52)
at pageClass.TankAssetsPage.<init>(TankAssetsPage.java:32)
at pageClass.commonLocatorsRepo.<init>(commonLocatorsRepo.java:25)
at pageClass.DashBoardPage.<init>(DashBoardPage.java:52)
at pageClass.TankAssetsPage.<init>(TankAssetsPage.java:32)
at pageClass.commonLocatorsRepo.<init>(commonLocatorsRepo.java:25)
at pageClass.DashBoardPage.<init>(DashBoardPage.java:52)
at pageClass.TankAssetsPage.<init>(TankAssetsPage.java:32)
at pageClass.commonLocatorsRepo.<init>(commonLocatorsRepo.java:25)
at pageClass.DashBoardPage.<init>(DashBoardPage.java:52)
at pageClass.TankAssetsPage.<init>(TankAssetsPage.java:32)
at pageClass.commonLocatorsRepo.<init>(commonLocatorsRepo.java:25)
at pageClass.DashBoardPage.<init>(DashBoardPage.java:52)
at pageClass.TankAssetsPage.<init>(TankAssetsPage.java:32)
at pageClass.commonLocatorsRepo.<init>(commonLocatorsRepo.java:25)
at pageClass.DashBoardPage.<init>(DashBoardPage.java:52)
at pageClass.TankAssetsPage.<init>(TankAssetsPage.java:32)
at pageClass.commonLocatorsRepo.<init>(commonLocatorsRepo.java:25)
at pageClass.DashBoardPage.<init>(DashBoardPage.java:52)
at pageClass.TankAssetsPage.<init>(TankAssetsPage.java:32)
at pageClass.commonLocatorsRepo.<init>(commonLocatorsRepo.java:25)
at pageClass.DashBoardPage.<init>(DashBoardPage.java:52)
at pageClass.TankAssetsPage.<init>(TankAssetsPage.java:32)
at pageClass.commonLocatorsRepo.<init>(commonLocatorsRepo.java:25)
at pageClass.DashBoardPage.<init>(DashBoardPage.java:52)
at pageClass.TankAssetsPage.<init>(TankAssetsPage.java:32)
at pageClass.commonLocatorsRepo.<init>(commonLocatorsRepo.java:25)
at pageClass.DashBoardPage.<init>(DashBoardPage.java:52)
at pageClass.TankAssetsPage.<init>(TankAssetsPage.java:32)
at pageClass.commonLocatorsRepo.<init>(commonLocatorsRepo.java:25)
at pageClass.DashBoardPage.<init>(DashBoardPage.java:52)
at pageClass.TankAssetsPage.<init>(TankAssetsPage.java:32)
at pageClass.commonLocatorsRepo.<init>(commonLocatorsRepo.java:25)
at pageClass.DashBoardPage.<init>(DashBoardPage.java:52)
at pageClass.TankAssetsPage.<init>(TankAssetsPage.java:32)
at pageClass.commonLocatorsRepo.<init>(commonLocatorsRepo.java:25)
at pageClass.DashBoardPage.<init>(DashBoardPage.java:52)
at pageClass.TankAssetsPage.<init>(TankAssetsPage.java:32)
at pageClass.commonLocatorsRepo.<init>(commonLocatorsRepo.java:25)
at pageClass.DashBoardPage.<init>(DashBoardPage.java:52)
at pageClass.TankAssetsPage.<init>(TankAssetsPage.java:32)
at pageClass.commonLocatorsRepo.<init>(commonLocatorsRepo.java:25)
at pageClass.DashBoardPage.<init>(DashBoardPage.java:52)
at pageClass.TankAssetsPage.<init>(TankAssetsPage.java:32)
at pageClass.commonLocatorsRepo.<init>(commonLocatorsRepo.java:25)
at pageClass.DashBoardPage.<init>(DashBoardPage.java:52)
at pageClass.TankAssetsPage.<init>(TankAssetsPage.java:32)
at pageClass.commonLocatorsRepo.<init>(commonLocatorsRepo.java:25)
at pageClass.DashBoardPage.<init>(DashBoardPage.java:52)
at pageClass.TankAssetsPage.<init>(TankAssetsPage.java:32)
at pageClass.commonLocatorsRepo.<init>(commonLocatorsRepo.java:25)
at pageClass.DashBoardPage.<init>(DashBoardPage.java:52)
at pageClass.TankAssetsPage.<init>(TankAssetsPage.java:32)
at pageClass.commonLocatorsRepo.<init>(commonLocatorsRepo.java:25)
at pageClass.DashBoardPage.<init>(DashBoardPage.java:52)
at pageClass.TankAssetsPage.<init>(TankAssetsPage.java:32)
at pageClass.commonLocatorsRepo.<init>(commonLocatorsRepo.java:25)
at pageClass.DashBoardPage.<init>(DashBoardPage.java:52)
at pageClass.TankAssetsPage.<init>(TankAssetsPage.java:32)
at pageClass.commonLocatorsRepo.<init>(commonLocatorsRepo.java:25)
at pageClass.DashBoardPage.<init>(DashBoardPage.java:52)
at pageClass.TankAssetsPage.<init>(TankAssetsPage.java:32)
at pageClass.commonLocatorsRepo.<init>(commonLocatorsRepo.java:25)
at pageClass.DashBoardPage.<init>(DashBoardPage.java:52)
at pageClass.TankAssetsPage.<init>(TankAssetsPage.java:32)
at pageClass.commonLocatorsRepo.<init>(commonLocatorsRepo.java:25)
at pageClass.DashBoardPage.<init>(DashBoardPage.java:52)
at pageClass.TankAssetsPage.<init>(TankAssetsPage.java:32)
at pageClass.commonLocatorsRepo.<init>(commonLocatorsRepo.java:25)
at pageClass.DashBoardPage.<init>(DashBoardPage.java:52)
at pageClass.TankAssetsPage.<init>(TankAssetsPage.java:32)
at pageClass.commonLocatorsRepo.<init>(commonLocatorsRepo.java:25)
at pageClass.DashBoardPage.<init>(DashBoardPage.java:52)
at pageClass.TankAssetsPage.<init>(TankAssetsPage.java:32)
at pageClass.commonLocatorsRepo.<init>(commonLocatorsRepo.java:25)
at pageClass.DashBoardPage.<init>(DashBoardPage.java:52)
at pageClass.TankAssetsPage.<init>(TankAssetsPage.java:32)
at pageClass.commonLocatorsRepo.<init>(commonLocatorsRepo.java:25)
at pageClass.DashBoardPage.<init>(DashBoardPage.java:52)
at pageClass.TankAssetsPage.<init>(TankAssetsPage.java:32)
at pageClass.commonLocatorsRepo.<init>(commonLocatorsRepo.java:25)
at pageClass.DashBoardPage.<init>(DashBoardPage.java:52)
at pageClass.TankAssetsPage.<init>(TankAssetsPage.java:32)
at pageClass.commonLocatorsRepo.<init>(commonLocatorsRepo.java:25)
at pageClass.DashBoardPage.<init>(DashBoardPage.java:52)
at pageClass.TankAssetsPage.<init>(TankAssetsPage.java:32)
at pageClass.commonLocatorsRepo.<init>(commonLocatorsRepo.java:25)
at pageClass.DashBoardPage.<init>(DashBoardPage.java:52)
at pageClass.TankAssetsPage.<init>(TankAssetsPage.java:32)
at pageClass.commonLocatorsRepo.<init>(commonLocatorsRepo.java:25)
at pageClass.DashBoardPage.<init>(DashBoardPage.java:52)
at pageClass.TankAssetsPage.<init>(TankAssetsPage.java:32)
at pageClass.commonLocatorsRepo.<init>(commonLocatorsRepo.java:25)
at pageClass.DashBoardPage.<init>(DashBoardPage.java:52)
at pageClass.TankAssetsPage.<init>(TankAssetsPage.java:32)
at pageClass.commonLocatorsRepo.<init>(commonLocatorsRepo.java:25)
at pageClass.DashBoardPage.<init>(DashBoardPage.java:52)
at pageClass.TankAssetsPage.<init>(TankAssetsPage.java:32)
at pageClass.commonLocatorsRepo.<init>(commonLocatorsRepo.java:25)
at pageClass.DashBoardPage.<init>(DashBoardPage.java:52)
at pageClass.TankAssetsPage.<init>(TankAssetsPage.java:32)
at pageClass.commonLocatorsRepo.<init>(commonLocatorsRepo.java:25)
at pageClass.DashBoardPage.<init>(DashBoardPage.java:52)
at pageClass.TankAssetsPage.<init>(TankAssetsPage.java:32)
at pageClass.commonLocatorsRepo.<init>(commonLocatorsRepo.java:25)
at pageClass.DashBoardPage.<init>(DashBoardPage.java:52)
at pageClass.TankAssetsPage.<init>(TankAssetsPage.java:32)
at pageClass.commonLocatorsRepo.<init>(commonLocatorsRepo.java:25)
at pageClass.DashBoardPage.<init>(DashBoardPage.java:52)
at pageClass.TankAssetsPage.<init>(TankAssetsPage.java:32)
at pageClass.commonLocatorsRepo.<init>(commonLocatorsRepo.java:25)
at pageClass.DashBoardPage.<init>(DashBoardPage.java:52)
at pageClass.TankAssetsPage.<init>(TankAssetsPage.java:32)
at pageClass.commonLocatorsRepo.<init>(commonLocatorsRepo.java:25)
at pageClass.DashBoardPage.<init>(DashBoardPage.java:52)
at pageClass.TankAssetsPage.<init>(TankAssetsPage.java:32)
at pageClass.commonLocatorsRepo.<init>(commonLocatorsRepo.java:25)
at pageClass.DashBoardPage.<init>(DashBoardPage.java:52)
at pageClass.TankAssetsPage.<init>(TankAssetsPage.java:32)
at pageClass.commonLocatorsRepo.<init>(commonLocatorsRepo.java:25)
at pageClass.DashBoardPage.<init>(DashBoardPage.java:52)
at pageClass.TankAssetsPage.<init>(TankAssetsPage.java:32)
at pageClass.commonLocatorsRepo.<init>(commonLocatorsRepo.java:25)
at pageClass.DashBoardPage.<init>(DashBoardPage.java:52)
at pageClass.TankAssetsPage.<init>(TankAssetsPage.java:32)
at pageClass.commonLocatorsRepo.<init>(commonLocatorsRepo.java:25)
at pageClass.DashBoardPage.<init>(DashBoardPage.java:52)
at pageClass.TankAssetsPage.<init>(TankAssetsPage.java:32)
at pageClass.commonLocatorsRepo.<init>(commonLocatorsRepo.java:25)
at pageClass.DashBoardPage.<init>(DashBoardPage.java:52)
at pageClass.TankAssetsPage.<init>(TankAssetsPage.java:32)
at pageClass.commonLocatorsRepo.<init>(commonLocatorsRepo.java:25)
at pageClass.DashBoardPage.<init>(DashBoardPage.java:52)
at pageClass.TankAssetsPage.<init>(TankAssetsPage.java:32)
at pageClass.commonLocatorsRepo.<init>(commonLocatorsRepo.java:25)
at pageClass.DashBoardPage.<init>(DashBoardPage.java:52)
at pageClass.TankAssetsPage.<init>(TankAssetsPage.java:32)
at pageClass.commonLocatorsRepo.<init>(commonLocatorsRepo.java:25)
at pageClass.DashBoardPage.<init>(DashBoardPage.java:52)
at pageClass.TankAssetsPage.<init>(TankAssetsPage.java:32)
at pageClass.commonLocatorsRepo.<init>(commonLocatorsRepo.java:25)
at pageClass.DashBoardPage.<init>(DashBoardPage.java:52)
at pageClass.TankAssetsPage.<init>(TankAssetsPage.java:32)
at pageClass.commonLocatorsRepo.<init>(commonLocatorsRepo.java:25)
at pageClass.DashBoardPage.<init>(DashBoardPage.java:52)
at pageClass.TankAssetsPage.<init>(TankAssetsPage.java:32)
at pageClass.commonLocatorsRepo.<init>(commonLocatorsRepo.java:25)
at pageClass.DashBoardPage.<init>(DashBoardPage.java:52)
at pageClass.TankAssetsPage.<init>(TankAssetsPage.java:32)
at pageClass.commonLocatorsRepo.<init>(commonLocatorsRepo.java:25)
at pageClass.DashBoardPage.<init>(DashBoardPage.java:52)
at pageClass.TankAssetsPage.<init>(TankAssetsPage.java:32)
at pageClass.commonLocatorsRepo.<init>(commonLocatorsRepo.java:25)
at pageClass.DashBoardPage.<init>(DashBoardPage.java:52)
at pageClass.TankAssetsPage.<init>(TankAssetsPage.java:32)
at pageClass.commonLocatorsRepo.<init>(commonLocatorsRepo.java:25)
at pageClass.DashBoardPage.<init>(DashBoardPage.java:52)
at pageClass.TankAssetsPage.<init>(TankAssetsPage.java:32)
at pageClass.commonLocatorsRepo.<init>(commonLocatorsRepo.java:25)
at pageClass.DashBoardPage.<init>(DashBoardPage.java:52)
at pageClass.TankAssetsPage.<init>(TankAssetsPage.java:32)
at pageClass.commonLocatorsRepo.<init>(commonLocatorsRepo.java:25)
at pageClass.DashBoardPage.<init>(DashBoardPage.java:52)
at pageClass.TankAssetsPage.<init>(TankAssetsPage.java:32)
at pageClass.commonLocatorsRepo.<init>(commonLocatorsRepo.java:25)
at pageClass.DashBoardPage.<init>(DashBoardPage.java:52)
at pageClass.TankAssetsPage.<init>(TankAssetsPage.java:32)
at pageClass.commonLocatorsRepo.<init>(commonLocatorsRepo.java:25)
at pageClass.DashBoardPage.<init>(DashBoardPage.java:52)
at pageClass.TankAssetsPage.<init>(TankAssetsPage.java:32)
at pageClass.commonLocatorsRepo.<init>(commonLocatorsRepo.java:25)
at pageClass.DashBoardPage.<init>(DashBoardPage.java:52)
at pageClass.TankAssetsPage.<init>(TankAssetsPage.java:32)
at pageClass.commonLocatorsRepo.<init>(commonLocatorsRepo.java:25)
at pageClass.DashBoardPage.<init>(DashBoardPage.java:52)
at pageClass.TankAssetsPage.<init>(TankAssetsPage.java:32)
at pageClass.commonLocatorsRepo.<init>(commonLocatorsRepo.java:25)
at pageClass.DashBoardPage.<init>(DashBoardPage.java:52)
at pageClass.TankAssetsPage.<init>(TankAssetsPage.java:32)
at pageClass.commonLocatorsRepo.<init>(commonLocatorsRepo.java:25)
at pageClass.DashBoardPage.<init>(DashBoardPage.java:52)
at pageClass.TankAssetsPage.<init>(TankAssetsPage.java:32)
at pageClass.commonLocatorsRepo.<init>(commonLocatorsRepo.java:25)
at pageClass.DashBoardPage.<init>(DashBoardPage.java:52)
at pageClass.TankAssetsPage.<init>(TankAssetsPage.java:32)
at pageClass.commonLocatorsRepo.<init>(commonLocatorsRepo.java:25)
at pageClass.DashBoardPage.<init>(DashBoardPage.java:52)
at pageClass.TankAssetsPage.<init>(TankAssetsPage.java:32)
at pageClass.commonLocatorsRepo.<init>(commonLocatorsRepo.java:25)
at pageClass.DashBoardPage.<init>(DashBoardPage.java:52)
at pageClass.TankAssetsPage.<init>(TankAssetsPage.java:32)
at pageClass.commonLocatorsRepo.<init>(commonLocatorsRepo.java:25)
at pageClass.DashBoardPage.<init>(DashBoardPage.java:52)
at pageClass.TankAssetsPage.<init>(TankAssetsPage.java:32)
at pageClass.commonLocatorsRepo.<init>(commonLocatorsRepo.java:25)
at pageClass.DashBoardPage.<init>(DashBoardPage.java:52)
at pageClass.TankAssetsPage.<init>(TankAssetsPage.java:32)
at pageClass.commonLocatorsRepo.<init>(commonLocatorsRepo.java:25)
at pageClass.DashBoardPage.<init>(DashBoardPage.java:52)
at pageClass.TankAssetsPage.<init>(TankAssetsPage.java:32)
at pageClass.commonLocatorsRepo.<init>(commonLocatorsRepo.java:25)
at pageClass.DashBoardPage.<init>(DashBoardPage.java:52)
at pageClass.TankAssetsPage.<init>(TankAssetsPage.java:32)
at pageClass.commonLocatorsRepo.<init>(commonLocatorsRepo.java:25)
at pageClass.DashBoardPage.<init>(DashBoardPage.java:52)
at pageClass.TankAssetsPage.<init>(TankAssetsPage.java:32)
at pageClass.commonLocatorsRepo.<init>(commonLocatorsRepo.java:25)
at pageClass.DashBoardPage.<init>(DashBoardPage.java:52)
at pageClass.TankAssetsPage.<init>(TankAssetsPage.java:32)
at pageClass.commonLocatorsRepo.<init>(commonLocatorsRepo.java:25)
at pageClass.DashBoardPage.<init>(DashBoardPage.java:52)
at pageClass.TankAssetsPage.<init>(TankAssetsPage.java:32)
at pageClass.commonLocatorsRepo.<init>(commonLocatorsRepo.java:25)
at pageClass.DashBoardPage.<init>(DashBoardPage.java:52)
at pageClass.TankAssetsPage.<init>(TankAssetsPage.java:32)
at pageClass.commonLocatorsRepo.<init>(commonLocatorsRepo.java:25)
at pageClass.DashBoardPage.<init>(DashBoardPage.java:52)
at pageClass.TankAssetsPage.<init>(TankAssetsPage.java:32)
at pageClass.commonLocatorsRepo.<init>(commonLocatorsRepo.java:25)
at pageClass.DashBoardPage.<init>(DashBoardPage.java:52)
at pageClass.TankAssetsPage.<init>(TankAssetsPage.java:32)
at pageClass.commonLocatorsRepo.<init>(commonLocatorsRepo.java:25)
at pageClass.DashBoardPage.<init>(DashBoardPage.java:52)
at pageClass.TankAssetsPage.<init>(TankAssetsPage.java:32)
at pageClass.commonLocatorsRepo.<init>(commonLocatorsRepo.java:25)
at pageClass.DashBoardPage.<init>(DashBoardPage.java:52)
at pageClass.TankAssetsPage.<init>(TankAssetsPage.java:32)
at pageClass.commonLocatorsRepo.<init>(commonLocatorsRepo.java:25)
at pageClass.DashBoardPage.<init>(DashBoardPage.java:52)
at pageClass.TankAssetsPage.<init>(TankAssetsPage.java:32)
at pageClass.commonLocatorsRepo.<init>(commonLocatorsRepo.java:25)
at pageClass.DashBoardPage.<init>(DashBoardPage.java:52)
at pageClass.TankAssetsPage.<init>(TankAssetsPage.java:32)
at pageClass.commonLocatorsRepo.<init>(commonLocatorsRepo.java:25)
at pageClass.DashBoardPage.<init>(DashBoardPage.java:52)
at pageClass.TankAssetsPage.<init>(TankAssetsPage.java:32)
at pageClass.commonLocatorsRepo.<init>(commonLocatorsRepo.java:25)
at pageClass.DashBoardPage.<init>(DashBoardPage.java:52)
at pageClass.TankAssetsPage.<init>(TankAssetsPage.java:32)
at pageClass.commonLocatorsRepo.<init>(commonLocatorsRepo.java:25)
at pageClass.DashBoardPage.<init>(DashBoardPage.java:52)
at pageClass.TankAssetsPage.<init>(TankAssetsPage.java:32)
at pageClass.commonLocatorsRepo.<init>(commonLocatorsRepo.java:25)
at pageClass.DashBoardPage.<init>(DashBoardPage.java:52)
at pageClass.TankAssetsPage.<init>(TankAssetsPage.java:32)
at pageClass.commonLocatorsRepo.<init>(commonLocatorsRepo.java:25)
at pageClass.DashBoardPage.<init>(DashBoardPage.java:52)
at pageClass.TankAssetsPage.<init>(TankAssetsPage.java:32)
at pageClass.commonLocatorsRepo.<init>(commonLocatorsRepo.java:25)
at pageClass.DashBoardPage.<init>(DashBoardPage.java:52)
at pageClass.TankAssetsPage.<init>(TankAssetsPage.java:32)
at pageClass.commonLocatorsRepo.<init>(commonLocatorsRepo.java:25)
at pageClass.DashBoardPage.<init>(DashBoardPage.java:52)
at pageClass.TankAssetsPage.<init>(TankAssetsPage.java:32)
at pageClass.commonLocatorsRepo.<init>(commonLocatorsRepo.java:25)
at pageClass.DashBoardPage.<init>(DashBoardPage.java:52)
at pageClass.TankAssetsPage.<init>(TankAssetsPage.java:32)
at pageClass.commonLocatorsRepo.<init>(commonLocatorsRepo.java:25)
at pageClass.DashBoardPage.<init>(DashBoardPage.java:52)
at pageClass.TankAssetsPage.<init>(TankAssetsPage.java:32)
at pageClass.commonLocatorsRepo.<init>(commonLocatorsRepo.java:25)
at pageClass.DashBoardPage.<init>(DashBoardPage.java:52)
at pageClass.TankAssetsPage.<init>(TankAssetsPage.java:32)
at pageClass.commonLocatorsRepo.<init>(commonLocatorsRepo.java:25)
at pageClass.DashBoardPage.<init>(DashBoardPage.java:52)
at pageClass.TankAssetsPage.<init>(TankAssetsPage.java:32)
at pageClass.commonLocatorsRepo.<init>(commonLocatorsRepo.java:25)
at pageClass.DashBoardPage.<init>(DashBoardPage.java:52)
at pageClass.TankAssetsPage.<init>(TankAssetsPage.java:32)
at pageClass.commonLocatorsRepo.<init>(commonLocatorsRepo.java:25)
at pageClass.DashBoardPage.<init>(DashBoardPage.java:52)
at pageClass.TankAssetsPage.<init>(TankAssetsPage.java:32)
at pageClass.commonLocatorsRepo.<init>(commonLocatorsRepo.java:25)
at pageClass.DashBoardPage.<init>(DashBoardPage.java:52)
at pageClass.TankAssetsPage.<init>(TankAssetsPage.java:32)
at pageClass.commonLocatorsRepo.<init>(commonLocatorsRepo.java:25)
at pageClass.DashBoardPage.<init>(DashBoardPage.java:52)
at pageClass.TankAssetsPage.<init>(TankAssetsPage.java:32)
at pageClass.commonLocatorsRepo.<init>(commonLocatorsRepo.java:25)
at pageClass.DashBoardPage.<init>(DashBoardPage.java:52)
at pageClass.TankAssetsPage.<init>(TankAssetsPage.java:32)
at pageClass.commonLocatorsRepo.<init>(commonLocatorsRepo.java:25)
at pageClass.DashBoardPage.<init>(DashBoardPage.java:52)
at pageClass.TankAssetsPage.<init>(TankAssetsPage.java:32)
at pageClass.commonLocatorsRepo.<init>(commonLocatorsRepo.java:25)
at pageClass.DashBoardPage.<init>(DashBoardPage.java:52)
at pageClass.TankAssetsPage.<init>(TankAssetsPage.java:32)
at pageClass.commonLocatorsRepo.<init>(commonLocatorsRepo.java:25)
at pageClass.DashBoardPage.<init>(DashBoardPage.java:52)
at pageClass.TankAssetsPage.<init>(TankAssetsPage.java:32)
at pageClass.commonLocatorsRepo.<init>(commonLocatorsRepo.java:25)
at pageClass.DashBoardPage.<init>(DashBoardPage.java:52)
at pageClass.TankAssetsPage.<init>(TankAssetsPage.java:32)
at pageClass.commonLocatorsRepo.<init>(commonLocatorsRepo.java:25)
at pageClass.DashBoardPage.<init>(DashBoardPage.java:52)
at pageClass.TankAssetsPage.<init>(TankAssetsPage.java:32)
at pageClass.commonLocatorsRepo.<init>(commonLocatorsRepo.java:25)
at pageClass.DashBoardPage.<init>(DashBoardPage.java:52)
at pageClass.TankAssetsPage.<init>(TankAssetsPage.java:32)
at pageClass.commonLocatorsRepo.<init>(commonLocatorsRepo.java:25)
at pageClass.DashBoardPage.<init>(DashBoardPage.java:52)
at pageClass.TankAssetsPage.<init>(TankAssetsPage.java:32)
at pageClass.commonLocatorsRepo.<init>(commonLocatorsRepo.java:25)
at pageClass.DashBoardPage.<init>(DashBoardPage.java:52)
at pageClass.TankAssetsPage.<init>(TankAssetsPage.java:32)
at pageClass.commonLocatorsRepo.<init>(commonLocatorsRepo.java:25)
at pageClass.DashBoardPage.<init>(DashBoardPage.java:52)
at pageClass.TankAssetsPage.<init>(TankAssetsPage.java:32)
at pageClass.commonLocatorsRepo.<init>(commonLocatorsRepo.java:25)
at pageClass.DashBoardPage.<init>(DashBoardPage.java:52)
at pageClass.TankAssetsPage.<init>(TankAssetsPage.java:32)
at pageClass.commonLocatorsRepo.<init>(commonLocatorsRepo.java:25)
at pageClass.DashBoardPage.<init>(DashBoardPage.java:52)
at pageClass.TankAssetsPage.<init>(TankAssetsPage.java:32)
at pageClass.commonLocatorsRepo.<init>(commonLocatorsRepo.java:25)
at pageClass.DashBoardPage.<init>(DashBoardPage.java:52)
at pageClass.TankAssetsPage.<init>(TankAssetsPage.java:32)
at pageClass.commonLocatorsRepo.<init>(commonLocatorsRepo.java:25)
at pageClass.DashBoardPage.<init>(DashBoardPage.java:52)
at pageClass.TankAssetsPage.<init>(TankAssetsPage.java:32)
at pageClass.commonLocatorsRepo.<init>(commonLocatorsRepo.java:25)
at pageClass.DashBoardPage.<init>(DashBoardPage.java:52)
at pageClass.TankAssetsPage.<init>(TankAssetsPage.java:32)
at pageClass.commonLocatorsRepo.<init>(commonLocatorsRepo.java:25)
at pageClass.DashBoardPage.<init>(DashBoardPage.java:52)
at pageClass.TankAssetsPage.<init>(TankAssetsPage.java:32)
at pageClass.commonLocatorsRepo.<init>(commonLocatorsRepo.java:25)
at pageClass.DashBoardPage.<init>(DashBoardPage.java:52)
at pageClass.TankAssetsPage.<init>(TankAssetsPage.java:32)
at pageClass.commonLocatorsRepo.<init>(commonLocatorsRepo.java:25)
at pageClass.DashBoardPage.<init>(DashBoardPage.java:52)
at pageClass.TankAssetsPage.<init>(TankAssetsPage.java:32)
at pageClass.commonLocatorsRepo.<init>(commonLocatorsRepo.java:25)
at pageClass.DashBoardPage.<init>(DashBoardPage.java:52)
at pageClass.TankAssetsPage.<init>(TankAssetsPage.java:32)
at pageClass.commonLocatorsRepo.<init>(commonLocatorsRepo.java:25)
at pageClass.DashBoardPage.<init>(DashBoardPage.java:52)
at pageClass.TankAssetsPage.<init>(TankAssetsPage.java:32)
at pageClass.commonLocatorsRepo.<init>(commonLocatorsRepo.java:25)
at pageClass.DashBoardPage.<init>(DashBoardPage.java:52)
at pageClass.TankAssetsPage.<init>(TankAssetsPage.java:32)
at pageClass.commonLocatorsRepo.<init>(commonLocatorsRepo.java:25)
at pageClass.DashBoardPage.<init>(DashBoardPage.java:52)
at pageClass.TankAssetsPage.<init>(TankAssetsPage.java:32)
at pageClass.commonLocatorsRepo.<init>(commonLocatorsRepo.java:25)
at pageClass.DashBoardPage.<init>(DashBoardPage.java:52)
at pageClass.TankAssetsPage.<init>(TankAssetsPage.java:32)
at pageClass.commonLocatorsRepo.<init>(commonLocatorsRepo.java:25)
at pageClass.DashBoardPage.<init>(DashBoardPage.java:52)
at pageClass.TankAssetsPage.<init>(TankAssetsPage.java:32)
at pageClass.commonLocatorsRepo.<init>(commonLocatorsRepo.java:25)
at pageClass.DashBoardPage.<init>(DashBoardPage.java:52)
at pageClass.TankAssetsPage.<init>(TankAssetsPage.java:32)
at pageClass.commonLocatorsRepo.<init>(commonLocatorsRepo.java:25)
at pageClass.DashBoardPage.<init>(DashBoardPage.java:52)
at pageClass.TankAssetsPage.<init>(TankAssetsPage.java:32)
at pageClass.commonLocatorsRepo.<init>(commonLocatorsRepo.java:25)
at pageClass.DashBoardPage.<init>(DashBoardPage.java:52)
at pageClass.TankAssetsPage.<init>(TankAssetsPage.java:32)
at pageClass.commonLocatorsRepo.<init>(commonLocatorsRepo.java:25)
at pageClass.DashBoardPage.<init>(DashBoardPage.java:52)
at pageClass.TankAssetsPage.<init>(TankAssetsPage.java:32)
at pageClass.commonLocatorsRepo.<init>(commonLocatorsRepo.java:25)
at pageClass.DashBoardPage.<init>(DashBoardPage.java:52)
at pageClass.TankAssetsPage.<init>(TankAssetsPage.java:32)
at pageClass.commonLocatorsRepo.<init>(commonLocatorsRepo.java:25)
at pageClass.DashBoardPage.<init>(DashBoardPage.java:52)
at pageClass.TankAssetsPage.<init>(TankAssetsPage.java:32)
at pageClass.commonLocatorsRepo.<init>(commonLocatorsRepo.java:25)
at pageClass.DashBoardPage.<init>(DashBoardPage.java:52)
at pageClass.TankAssetsPage.<init>(TankAssetsPage.java:32)
at pageClass.commonLocatorsRepo.<init>(commonLocatorsRepo.java:25)
at pageClass.DashBoardPage.<init>(DashBoardPage.java:52)
at pageClass.TankAssetsPage.<init>(TankAssetsPage.java:32)
at pageClass.commonLocatorsRepo.<init>(commonLocatorsRepo.java:25)
at pageClass.DashBoardPage.<init>(DashBoardPage.java:52)
at pageClass.TankAssetsPage.<init>(TankAssetsPage.java:32)
at pageClass.commonLocatorsRepo.<init>(commonLocatorsRepo.java:25)
at pageClass.DashBoardPage.<init>(DashBoardPage.java:52)
at pageClass.TankAssetsPage.<init>(TankAssetsPage.java:32)
at pageClass.commonLocatorsRepo.<init>(commonLocatorsRepo.java:25)
at pageClass.DashBoardPage.<init>(DashBoardPage.java:52)
at pageClass.TankAssetsPage.<init>(TankAssetsPage.java:32)
at pageClass.commonLocatorsRepo.<init>(commonLocatorsRepo.java:25)
at pageClass.DashBoardPage.<init>(DashBoardPage.java:52)
at pageClass.TankAssetsPage.<init>(TankAssetsPage.java:32)
at pageClass.commonLocatorsRepo.<init>(commonLocatorsRepo.java:25)
at pageClass.DashBoardPage.<init>(DashBoardPage.java:52)
at pageClass.TankAssetsPage.<init>(TankAssetsPage.java:32)
at pageClass.commonLocatorsRepo.<init>(commonLocatorsRepo.java:25)
at pageClass.DashBoardPage.<init>(DashBoardPage.java:52)
at pageClass.TankAssetsPage.<init>(TankAssetsPage.java:32)
at pageClass.commonLocatorsRepo.<init>(commonLocatorsRepo.java:25)
at pageClass.DashBoardPage.<init>(DashBoardPage.java:52)
at pageClass.TankAssetsPage.<init>(TankAssetsPage.java:32)
at pageClass.commonLocatorsRepo.<init>(commonLocatorsRepo.java:25)
at pageClass.DashBoardPage.<init>(DashBoardPage.java:52)
at pageClass.TankAssetsPage.<init>(TankAssetsPage.java:32)
at pageClass.commonLocatorsRepo.<init>(commonLocatorsRepo.java:25)
at pageClass.DashBoardPage.<init>(DashBoardPage.java:52)
at pageClass.TankAssetsPage.<init>(TankAssetsPage.java:32)
at pageClass.commonLocatorsRepo.<init>(commonLocatorsRepo.java:25)
at pageClass.DashBoardPage.<init>(DashBoardPage.java:52)
at pageClass.TankAssetsPage.<init>(TankAssetsPage.java:32)
at pageClass.commonLocatorsRepo.<init>(commonLocatorsRepo.java:25)
at pageClass.DashBoardPage.<init>(DashBoardPage.java:52)
at pageClass.TankAssetsPage.<init>(TankAssetsPage.java:32)
at pageClass.commonLocatorsRepo.<init>(commonLocatorsRepo.java:25)
at pageClass.DashBoardPage.<init>(DashBoardPage.java:52)
at pageClass.TankAssetsPage.<init>(TankAssetsPage.java:32)
at pageClass.commonLocatorsRepo.<init>(commonLocatorsRepo.java:25)
at pageClass.DashBoardPage.<init>(DashBoardPage.java:52)
at pageClass.TankAssetsPage.<init>(TankAssetsPage.java:32)
at pageClass.commonLocatorsRepo.<init>(commonLocatorsRepo.java:25)
at pageClass.DashBoardPage.<init>(DashBoardPage.java:52)
at pageClass.TankAssetsPage.<init>(TankAssetsPage.java:32)
at pageClass.commonLocatorsRepo.<init>(commonLocatorsRepo.java:25)
at pageClass.DashBoardPage.<init>(DashBoardPage.java:52)
at pageClass.TankAssetsPage.<init>(TankAssetsPage.java:32)
at pageClass.commonLocatorsRepo.<init>(commonLocatorsRepo.java:25)
at pageClass.DashBoardPage.<init>(DashBoardPage.java:52)
at pageClass.TankAssetsPage.<init>(TankAssetsPage.java:32)
at pageClass.commonLocatorsRepo.<init>(commonLocatorsRepo.java:25)
at pageClass.DashBoardPage.<init>(DashBoardPage.java:52)
at pageClass.TankAssetsPage.<init>(TankAssetsPage.java:32)
at pageClass.commonLocatorsRepo.<init>(commonLocatorsRepo.java:25)
at pageClass.DashBoardPage.<init>(DashBoardPage.java:52)
at pageClass.TankAssetsPage.<init>(TankAssetsPage.java:32)
at pageClass.commonLocatorsRepo.<init>(commonLocatorsRepo.java:25)
at pageClass.DashBoardPage.<init>(DashBoardPage.java:52)
at pageClass.TankAssetsPage.<init>(TankAssetsPage.java:32)
at pageClass.commonLocatorsRepo.<init>(commonLocatorsRepo.java:25)
at pageClass.DashBoardPage.<init>(DashBoardPage.java:52)
at pageClass.TankAssetsPage.<init>(TankAssetsPage.java:32)
at pageClass.commonLocatorsRepo.<init>(commonLocatorsRepo.java:25)
at pageClass.DashBoardPage.<init>(DashBoardPage.java:52)
at pageClass.TankAssetsPage.<init>(TankAssetsPage.java:32)
at pageClass.commonLocatorsRepo.<init>(commonLocatorsRepo.java:25)
at pageClass.DashBoardPage.<init>(DashBoardPage.java:52)
at pageClass.TankAssetsPage.<init>(TankAssetsPage.java:32)
at pageClass.commonLocatorsRepo.<init>(commonLocatorsRepo.java:25)
at pageClass.DashBoardPage.<init>(DashBoardPage.java:52)
at pageClass.TankAssetsPage.<init>(TankAssetsPage.java:32)
at pageClass.commonLocatorsRepo.<init>(commonLocatorsRepo.java:25)
at pageClass.DashBoardPage.<init>(DashBoardPage.java:52)
at pageClass.TankAssetsPage.<init>(TankAssetsPage.java:32)
at pageClass.commonLocatorsRepo.<init>(commonLocatorsRepo.java:25)
at pageClass.DashBoardPage.<init>(DashBoardPage.java:52)
at pageClass.TankAssetsPage.<init>(TankAssetsPage.java:32)
at pageClass.commonLocatorsRepo.<init>(commonLocatorsRepo.java:25)
at pageClass.DashBoardPage.<init>(DashBoardPage.java:52)
at pageClass.TankAssetsPage.<init>(TankAssetsPage.java:32)
at pageClass.commonLocatorsRepo.<init>(commonLocatorsRepo.java:25)
at pageClass.DashBoardPage.<init>(DashBoardPage.java:52)
at pageClass.TankAssetsPage.<init>(TankAssetsPage.java:32)
at pageClass.commonLocatorsRepo.<init>(commonLocatorsRepo.java:25)
at pageClass.DashBoardPage.<init>(DashBoardPage.java:52)
at pageClass.TankAssetsPage.<init>(TankAssetsPage.java:32)
at pageClass.commonLocatorsRepo.<init>(commonLocatorsRepo.java:25)
at pageClass.DashBoardPage.<init>(DashBoardPage.java:52)
at pageClass.TankAssetsPage.<init>(TankAssetsPage.java:32)
at pageClass.commonLocatorsRepo.<init>(commonLocatorsRepo.java:25)
at pageClass.DashBoardPage.<init>(DashBoardPage.java:52)
at pageClass.TankAssetsPage.<init>(TankAssetsPage.java:32)
at pageClass.commonLocatorsRepo.<init>(commonLocatorsRepo.java:25)
at pageClass.DashBoardPage.<init>(DashBoardPage.java:52)
at pageClass.TankAssetsPage.<init>(TankAssetsPage.java:32)
at pageClass.commonLocatorsRepo.<init>(commonLocatorsRepo.java:25)
at pageClass.DashBoardPage.<init>(DashBoardPage.java:52)
at pageClass.TankAssetsPage.<init>(TankAssetsPage.java:32)
at pageClass.commonLocatorsRepo.<init>(commonLocatorsRepo.java:25)
at pageClass.DashBoardPage.<init>(DashBoardPage.java:52)
at pageClass.TankAssetsPage.<init>(TankAssetsPage.java:32)
at pageClass.commonLocatorsRepo.<init>(commonLocatorsRepo.java:25)
at pageClass.DashBoardPage.<init>(DashBoardPage.java:52)
at pageClass.TankAssetsPage.<init>(TankAssetsPage.java:32)
at pageClass.commonLocatorsRepo.<init>(commonLocatorsRepo.java:25)
at pageClass.DashBoardPage.<init>(DashBoardPage.java:52)
at pageClass.TankAssetsPage.<init>(TankAssetsPage.java:32)
at pageClass.commonLocatorsRepo.<init>(commonLocatorsRepo.java:25)
at pageClass.DashBoardPage.<init>(DashBoardPage.java:52)
at pageClass.TankAssetsPage.<init>(TankAssetsPage.java:32)
at pageClass.commonLocatorsRepo.<init>(commonLocatorsRepo.java:25)
at pageClass.DashBoardPage.<init>(DashBoardPage.java:52)
at pageClass.TankAssetsPage.<init>(TankAssetsPage.java:32)
at pageClass.commonLocatorsRepo.<init>(commonLocatorsRepo.java:25)
at pageClass.DashBoardPage.<init>(DashBoardPage.java:52)
at pageClass.TankAssetsPage.<init>(TankAssetsPage.java:32)
at pageClass.commonLocatorsRepo.<init>(commonLocatorsRepo.java:25)
at pageClass.DashBoardPage.<init>(DashBoardPage.java:52)
at pageClass.TankAssetsPage.<init>(TankAssetsPage.java:32)
at pageClass.commonLocatorsRepo.<init>(commonLocatorsRepo.java:25)
at pageClass.DashBoardPage.<init>(DashBoardPage.java:52)
at pageClass.TankAssetsPage.<init>(TankAssetsPage.java:32)
at pageClass.commonLocatorsRepo.<init>(commonLocatorsRepo.java:25)
at pageClass.DashBoardPage.<init>(DashBoardPage.java:52)
at pageClass.TankAssetsPage.<init>(TankAssetsPage.java:32)
at pageClass.commonLocatorsRepo.<init>(commonLocatorsRepo.java:25)
at pageClass.DashBoardPage.<init>(DashBoardPage.java:52)
at pageClass.TankAssetsPage.<init>(TankAssetsPage.java:32)
at pageClass.commonLocatorsRepo.<init>(commonLocatorsRepo.java:25)
at pageClass.DashBoardPage.<init>(DashBoardPage.java:52)
at pageClass.TankAssetsPage.<init>(TankAssetsPage.java:32)
at pageClass.commonLocatorsRepo.<init>(commonLocatorsRepo.java:25)
at pageClass.DashBoardPage.<init>(DashBoardPage.java:52)
at pageClass.TankAssetsPage.<init>(TankAssetsPage.java:32)
at pageClass.commonLocatorsRepo.<init>(commonLocatorsRepo.java:25)
at pageClass.DashBoardPage.<init>(DashBoardPage.java:52)
at pageClass.TankAssetsPage.<init>(TankAssetsPage.java:32)
at pageClass.commonLocatorsRepo.<init>(commonLocatorsRepo.java:25)
at pageClass.DashBoardPage.<init>(DashBoardPage.java:52)
at pageClass.TankAssetsPage.<init>(TankAssetsPage.java:32)
at pageClass.commonLocatorsRepo.<init>(commonLocatorsRepo.java:25)
at pageClass.DashBoardPage.<init>(DashBoardPage.java:52)
at pageClass.TankAssetsPage.<init>(TankAssetsPage.java:32)
at pageClass.commonLocatorsRepo.<init>(commonLocatorsRepo.java:25)
at pageClass.DashBoardPage.<init>(DashBoardPage.java:52)
at pageClass.TankAssetsPage.<init>(TankAssetsPage.java:32)
at pageClass.commonLocatorsRepo.<init>(commonLocatorsRepo.java:25)
at pageClass.DashBoardPage.<init>(DashBoardPage.java:52)
at pageClass.TankAssetsPage.<init>(TankAssetsPage.java:32)
at pageClass.commonLocatorsRepo.<init>(commonLocatorsRepo.java:25)
at pageClass.DashBoardPage.<init>(DashBoardPage.java:52)
at pageClass.TankAssetsPage.<init>(TankAssetsPage.java:32)
at pageClass.commonLocatorsRepo.<init>(commonLocatorsRepo.java:25)
at pageClass.DashBoardPage.<init>(DashBoardPage.java:52)
at pageClass.TankAssetsPage.<init>(TankAssetsPage.java:32)
at pageClass.commonLocatorsRepo.<init>(commonLocatorsRepo.java:25)
at pageClass.DashBoardPage.<init>(DashBoardPage.java:52)
at pageClass.TankAssetsPage.<init>(TankAssetsPage.java:32)
at pageClass.commonLocatorsRepo.<init>(commonLocatorsRepo.java:25)
at pageClass.DashBoardPage.<init>(DashBoardPage.java:52)
at pageClass.TankAssetsPage.<init>(TankAssetsPage.java:32)
at pageClass.commonLocatorsRepo.<init>(commonLocatorsRepo.java:25)
at pageClass.DashBoardPage.<init>(DashBoardPage.java:52)
at pageClass.TankAssetsPage.<init>(TankAssetsPage.java:32)
at pageClass.commonLocatorsRepo.<init>(commonLocatorsRepo.java:25)
at pageClass.DashBoardPage.<init>(DashBoardPage.java:52)
at pageClass.TankAssetsPage.<init>(TankAssetsPage.java:32)
at pageClass.commonLocatorsRepo.<init>(commonLocatorsRepo.java:25)
at pageClass.DashBoardPage.<init>(DashBoardPage.java:52)
at pageClass.TankAssetsPage.<init>(TankAssetsPage.java:32)
at pageClass.commonLocatorsRepo.<init>(commonLocatorsRepo.java:25)
at pageClass.DashBoardPage.<init>(DashBoardPage.java:52)
at pageClass.TankAssetsPage.<init>(TankAssetsPage.java:32)
at pageClass.commonLocatorsRepo.<init>(commonLocatorsRepo.java:25)
at pageClass.DashBoardPage.<init>(DashBoardPage.java:52)
at pageClass.TankAssetsPage.<init>(TankAssetsPage.java:32)
at pageClass.commonLocatorsRepo.<init>(commonLocatorsRepo.java:25)
at pageClass.DashBoardPage.<init>(DashBoardPage.java:52)
at pageClass.TankAssetsPage.<init>(TankAssetsPage.java:32)
at pageClass.commonLocatorsRepo.<init>(commonLocatorsRepo.java:25)
at pageClass.DashBoardPage.<init>(DashBoardPage.java:52)
at pageClass.TankAssetsPage.<init>(TankAssetsPage.java:32)
at pageClass.commonLocatorsRepo.<init>(commonLocatorsRepo.java:25)
at pageClass.DashBoardPage.<init>(DashBoardPage.java:52)
at pageClass.TankAssetsPage.<init>(TankAssetsPage.java:32)
at pageClass.commonLocatorsRepo.<init>(commonLocatorsRepo.java:25)
at pageClass.DashBoardPage.<init>(DashBoardPage.java:52)
at pageClass.TankAssetsPage.<init>(TankAssetsPage.java:32)
at pageClass.commonLocatorsRepo.<init>(commonLocatorsRepo.java:25)
at pageClass.DashBoardPage.<init>(DashBoardPage.java:52)
at pageClass.TankAssetsPage.<init>(TankAssetsPage.java:32)
at pageClass.commonLocatorsRepo.<init>(commonLocatorsRepo.java:25)
at pageClass.DashBoardPage.<init>(DashBoardPage.java:52)
at pageClass.TankAssetsPage.<init>(TankAssetsPage.java:32)
at pageClass.commonLocatorsRepo.<init>(commonLocatorsRepo.java:25)
at pageClass.DashBoardPage.<init>(DashBoardPage.java:52)
at pageClass.TankAssetsPage.<init>(TankAssetsPage.java:32)
at pageClass.commonLocatorsRepo.<init>(commonLocatorsRepo.java:25)
at pageClass.DashBoardPage.<init>(DashBoardPage.java:52)
at pageClass.TankAssetsPage.<init>(TankAssetsPage.java:32)
at pageClass.commonLocatorsRepo.<init>(commonLocatorsRepo.java:25)
at pageClass.DashBoardPage.<init>(DashBoardPage.java:52)
at pageClass.TankAssetsPage.<init>(TankAssetsPage.java:32)
at pageClass.commonLocatorsRepo.<init>(commonLocatorsRepo.java:25)
at pageClass.DashBoardPage.<init>(DashBoardPage.java:52)
at pageClass.TankAssetsPage.<init>(TankAssetsPage.java:32)
at pageClass.commonLocatorsRepo.<init>(commonLocatorsRepo.java:25)
at pageClass.DashBoardPage.<init>(DashBoardPage.java:52)
at pageClass.TankAssetsPage.<init>(TankAssetsPage.java:32)
at pageClass.commonLocatorsRepo.<init>(commonLocatorsRepo.java:25)
at pageClass.DashBoardPage.<init>(DashBoardPage.java:52)
at pageClass.TankAssetsPage.<init>(TankAssetsPage.java:32)
at pageClass.commonLocatorsRepo.<init>(commonLocatorsRepo.java:25)
at pageClass.DashBoardPage.<init>(DashBoardPage.java:52)
at pageClass.TankAssetsPage.<init>(TankAssetsPage.java:32)
at pageClass.commonLocatorsRepo.<init>(commonLocatorsRepo.java:25)
at pageClass.DashBoardPage.<init>(DashBoardPage.java:52)
at pageClass.TankAssetsPage.<init>(TankAssetsPage.java:32)
at pageClass.commonLocatorsRepo.<init>(commonLocatorsRepo.java:25)
at pageClass.DashBoardPage.<init>(DashBoardPage.java:52)
at pageClass.TankAssetsPage.<init>(TankAssetsPage.java:32)
at pageClass.commonLocatorsRepo.<init>(commonLocatorsRepo.java:25)
at pageClass.DashBoardPage.<init>(DashBoardPage.java:52)
at pageClass.TankAssetsPage.<init>(TankAssetsPage.java:32)
at pageClass.commonLocatorsRepo.<init>(commonLocatorsRepo.java:25)
at pageClass.DashBoardPage.<init>(DashBoardPage.java:52)
at pageClass.TankAssetsPage.<init>(TankAssetsPage.java:32)
at pageClass.commonLocatorsRepo.<init>(commonLocatorsRepo.java:25)
at pageClass.DashBoardPage.<init>(DashBoardPage.java:52)
at pageClass.TankAssetsPage.<init>(TankAssetsPage.java:32)
at pageClass.commonLocatorsRepo.<init>(commonLocatorsRepo.java:25)
at pageClass.DashBoardPage.<init>(DashBoardPage.java:52)
at pageClass.TankAssetsPage.<init>(TankAssetsPage.java:32)
at pageClass.commonLocatorsRepo.<init>(commonLocatorsRepo.java:25)
at pageClass.DashBoardPage.<init>(DashBoardPage.java:52)
at pageClass.TankAssetsPage.<init>(TankAssetsPage.java:32)
at pageClass.commonLocatorsRepo.<init>(commonLocatorsRepo.java:25)
at pageClass.DashBoardPage.<init>(DashBoardPage.java:52)
at pageClass.TankAssetsPage.<init>(TankAssetsPage.java:32)
at pageClass.commonLocatorsRepo.<init>(commonLocatorsRepo.java:25)
at pageClass.DashBoardPage.<init>(DashBoardPage.java:52)
at pageClass.TankAssetsPage.<init>(TankAssetsPage.java:32)
at pageClass.commonLocatorsRepo.<init>(commonLocatorsRepo.java:25)
at pageClass.DashBoardPage.<init>(DashBoardPage.java:52)
at pageClass.TankAssetsPage.<init>(TankAssetsPage.java:32)
at pageClass.commonLocatorsRepo.<init>(commonLocatorsRepo.java:25)
at pageClass.DashBoardPage.<init>(DashBoardPage.java:52)
at pageClass.TankAssetsPage.<init>(TankAssetsPage.java:32)
at pageClass.commonLocatorsRepo.<init>(commonLocatorsRepo.java:25)
at pageClass.DashBoardPage.<init>(DashBoardPage.java:52)
at pageClass.TankAssetsPage.<init>(TankAssetsPage.java:32)
at pageClass.commonLocatorsRepo.<init>(commonLocatorsRepo.java:25)
at pageClass.DashBoardPage.<init>(DashBoardPage.java:52)
at pageClass.TankAssetsPage.<init>(TankAssetsPage.java:32)
at pageClass.commonLocatorsRepo.<init>(commonLocatorsRepo.java:25)
at pageClass.DashBoardPage.<init>(DashBoardPage.java:52)
at pageClass.TankAssetsPage.<init>(TankAssetsPage.java:32)
at pageClass.commonLocatorsRepo.<init>(commonLocatorsRepo.java:25)
at pageClass.DashBoardPage.<init>(DashBoardPage.java:52)
at pageClass.TankAssetsPage.<init>(TankAssetsPage.java:32)
at pageClass.commonLocatorsRepo.<init>(commonLocatorsRepo.java:25)
at pageClass.DashBoardPage.<init>(DashBoardPage.java:52)
at pageClass.TankAssetsPage.<init>(TankAssetsPage.java:32)
at pageClass.commonLocatorsRepo.<init>(commonLocatorsRepo.java:25)
at pageClass.DashBoardPage.<init>(DashBoardPage.java:52)
at pageClass.TankAssetsPage.<init>(TankAssetsPage.java:32)
at pageClass.commonLocatorsRepo.<init>(commonLocatorsRepo.java:25)
at pageClass.DashBoardPage.<init>(DashBoardPage.java:52)
at pageClass.TankAssetsPage.<init>(TankAssetsPage.java:32)
at pageClass.commonLocatorsRepo.<init>(commonLocatorsRepo.java:25)
at pageClass.DashBoardPage.<init>(DashBoardPage.java:52)
at pageClass.TankAssetsPage.<init>(TankAssetsPage.java:32)
at pageClass.commonLocatorsRepo.<init>(commonLocatorsRepo.java:25)
at pageClass.DashBoardPage.<init>(DashBoardPage.java:52)
at pageClass.TankAssetsPage.<init>(TankAssetsPage.java:32)
at pageClass.commonLocatorsRepo.<init>(commonLocatorsRepo.java:25)
at pageClass.DashBoardPage.<init>(DashBoardPage.java:52)
at pageClass.TankAssetsPage.<init>(TankAssetsPage.java:32)
at pageClass.commonLocatorsRepo.<init>(commonLocatorsRepo.java:25)
at pageClass.DashBoardPage.<init>(DashBoardPage.java:52)
at pageClass.TankAssetsPage.<init>(TankAssetsPage.java:32)
at pageClass.commonLocatorsRepo.<init>(commonLocatorsRepo.java:25)
at pageClass.DashBoardPage.<init>(DashBoardPage.java:52)
at pageClass.TankAssetsPage.<init>(TankAssetsPage.java:32)
at pageClass.commonLocatorsRepo.<init>(commonLocatorsRepo.java:25)
at pageClass.DashBoardPage.<init>(DashBoardPage.java:52)
at pageClass.TankAssetsPage.<init>(TankAssetsPage.java:32)
at pageClass.commonLocatorsRepo.<init>(commonLocatorsRepo.java:25)
at pageClass.DashBoardPage.<init>(DashBoardPage.java:52)
at pageClass.TankAssetsPage.<init>(TankAssetsPage.java:32)
at pageClass.commonLocatorsRepo.<init>(commonLocatorsRepo.java:25)
at pageClass.DashBoardPage.<init>(DashBoardPage.java:52)
at pageClass.TankAssetsPage.<init>(TankAssetsPage.java:32)
at pageClass.commonLocatorsRepo.<init>(commonLocatorsRepo.java:25)
at pageClass.DashBoardPage.<init>(DashBoardPage.java:52)
]]>
    </error>
  </testcase> <!-- assignObjectForClass -->
  <system-out/>
</testsuite> <!-- testPackage.TankAssetsTest -->
