<?xml version="1.0" encoding="UTF-8"?>
<!-- Generated by org.testng.reporters.JUnitReportReporter -->
<testsuite hostname="Jays-Mac-mini-3.local" failures="0" tests="1" name="testPackage.RoleManagementTest" time="7.017" errors="0" timestamp="2024-04-17T15:36:12 IST" skipped="0">
  <testcase classname="testPackage.RoleManagementTest" name="laucnNewWindow" time="7.017"/>
  <system-out/>
</testsuite> <!-- testPackage.RoleManagementTest -->
