<?xml version="1.0" encoding="UTF-8"?>
<!-- Generated by org.testng.reporters.JUnitReportReporter -->
<testsuite hostname="Jays-Mac-mini-3.local" failures="0" tests="4" name="testPackage.FieldAssetsTest" time="69.024" errors="0" timestamp="2024-04-12T12:04:25 IST" skipped="0">
  <testcase classname="testPackage.FieldAssetsTest" name="createField" time="21.495"/>
  <system-out/>
  <testcase classname="testPackage.FieldAssetsTest" name="searchFleld" time="10.628"/>
  <system-out/>
  <testcase classname="testPackage.FieldAssetsTest" name="editField" time="15.841"/>
  <system-out/>
  <testcase classname="testPackage.FieldAssetsTest" name="deleteField" time="21.060"/>
  <system-out/>
</testsuite> <!-- testPackage.FieldAssetsTest -->
