<?xml version="1.0" encoding="UTF-8"?>
<!-- Generated by org.testng.reporters.JUnitReportReporter -->
<testsuite hostname="DESKTOP-413ULGP" failures="0" tests="1" name="testPackage.LoginTest" time="21.570" errors="0" timestamp="2024-02-09T22:32:31 IST" skipped="0">
  <testcase classname="testPackage.LoginTest" name="validLoginTest" time="21.570"/>
  <system-out/>
</testsuite> <!-- testPackage.LoginTest -->
