<?xml version="1.0" encoding="UTF-8"?>
<!-- Generated by org.testng.reporters.JUnitReportReporter -->
<testsuite hostname="Jays-Mac-mini-3.local" failures="0" tests="4" name="testPackage.CompanyAssetsTest" time="72.702" errors="0" timestamp="2024-04-10T16:54:34 IST" skipped="0">
  <testcase classname="testPackage.CompanyAssetsTest" name="createCompany" time="16.891"/>
  <system-out/>
  <testcase classname="testPackage.CompanyAssetsTest" name="searchCompany" time="12.571"/>
  <system-out/>
  <testcase classname="testPackage.CompanyAssetsTest" name="editCompany" time="19.647"/>
  <system-out/>
  <testcase classname="testPackage.CompanyAssetsTest" name="deleteCompany" time="23.593"/>
  <system-out/>
</testsuite> <!-- testPackage.CompanyAssetsTest -->
