<?xml version="1.0" encoding="UTF-8"?>
<!-- Generated by org.testng.reporters.JUnitReportReporter -->
<testsuite hostname="Jays-Mac-mini-3.local" failures="0" tests="4" name="testPackage.TankBatteryAssetsTest" time="81.318" errors="0" timestamp="2024-04-08T15:11:00 IST" skipped="0">
  <testcase classname="testPackage.TankBatteryAssetsTest" name="createTankBattery" time="35.296"/>
  <system-out/>
  <testcase classname="testPackage.TankBatteryAssetsTest" name="searchTankBattery" time="9.815"/>
  <system-out/>
  <testcase classname="testPackage.TankBatteryAssetsTest" name="EditTankBattery" time="15.315"/>
  <system-out/>
  <testcase classname="testPackage.TankBatteryAssetsTest" name="deleteSublease" time="20.892"/>
  <system-out/>
</testsuite> <!-- testPackage.TankBatteryAssetsTest -->
