<?xml version="1.0" encoding="UTF-8"?>
<!-- Generated by org.testng.reporters.JUnitReportReporter -->
<testsuite hostname="Jays-Mac-mini-3.local" failures="0" tests="4" name="testPackage.FieldAssetsTest" time="83.443" errors="0" timestamp="2024-03-13T17:30:02 IST" skipped="0">
  <testcase classname="testPackage.FieldAssetsTest" name="createField" time="48.041"/>
  <system-out/>
  <testcase classname="testPackage.FieldAssetsTest" name="searchFleld" time="4.087"/>
  <system-out/>
  <testcase classname="testPackage.FieldAssetsTest" name="editField" time="9.409"/>
  <system-out/>
  <testcase classname="testPackage.FieldAssetsTest" name="deleteField" time="21.906"/>
  <system-out/>
</testsuite> <!-- testPackage.FieldAssetsTest -->
