<?xml version="1.0" encoding="UTF-8"?>
<!-- Generated by org.testng.reporters.JUnitReportReporter -->
<testsuite hostname="Jays-Mac-mini-3.local" failures="0" tests="4" name="testPackage.TankBatteryAssetsTest" time="71.288" errors="0" timestamp="2024-04-12T12:04:25 IST" skipped="0">
  <testcase classname="testPackage.TankBatteryAssetsTest" name="createTankBattery" time="24.641"/>
  <system-out/>
  <testcase classname="testPackage.TankBatteryAssetsTest" name="searchTankBattery" time="9.776"/>
  <system-out/>
  <testcase classname="testPackage.TankBatteryAssetsTest" name="EditTankBattery" time="15.327"/>
  <system-out/>
  <testcase classname="testPackage.TankBatteryAssetsTest" name="deleteSublease" time="21.544"/>
  <system-out/>
</testsuite> <!-- testPackage.TankBatteryAssetsTest -->
