<?xml version="1.0" encoding="UTF-8"?>
<!-- Generated by org.testng.reporters.JUnitReportReporter -->
<testsuite hostname="Jays-Mac-mini-3.local" failures="0" tests="4" name="testPackage.SubLeaseAssetsTest" time="75.001" errors="0" timestamp="2024-03-19T15:52:55 IST" skipped="0">
  <testcase classname="testPackage.SubLeaseAssetsTest" name="createLease" time="27.211"/>
  <system-out/>
  <testcase classname="testPackage.SubLeaseAssetsTest" name="searchSublease" time="9.744"/>
  <system-out/>
  <testcase classname="testPackage.SubLeaseAssetsTest" name="editField" time="15.820"/>
  <system-out/>
  <testcase classname="testPackage.SubLeaseAssetsTest" name="deleteLease" time="22.226"/>
  <system-out/>
</testsuite> <!-- testPackage.SubLeaseAssetsTest -->
