<?xml version="1.0" encoding="UTF-8"?>
<!-- Generated by org.testng.reporters.JUnitReportReporter -->
<testsuite hostname="Jays-Mac-mini-3.local" failures="0" tests="4" name="testPackage.CompanyAssetsTest" time="22.522" errors="0" timestamp="2024-01-31T14:24:44 IST" skipped="0">
  <testcase classname="testPackage.CompanyAssetsTest" name="createCompany" time="6.378"/>
  <system-out/>
  <testcase classname="testPackage.CompanyAssetsTest" name="searchCompany" time="2.616"/>
  <system-out/>
  <testcase classname="testPackage.CompanyAssetsTest" name="editCompany" time="6.640"/>
  <system-out/>
  <testcase classname="testPackage.CompanyAssetsTest" name="deleteCompany" time="6.888"/>
  <system-out/>
</testsuite> <!-- testPackage.CompanyAssetsTest -->
