<?xml version="1.0" encoding="UTF-8"?>
<!-- Generated by org.testng.reporters.JUnitReportReporter -->
<testsuite hostname="DESKTOP-413ULGP" failures="0" tests="4" name="testPackage.CompanyAssetsTest" time="37.330" errors="0" timestamp="2024-02-12T19:27:29 IST" skipped="0">
  <testcase classname="testPackage.CompanyAssetsTest" name="createCompany" time="12.233"/>
  <system-out/>
  <testcase classname="testPackage.CompanyAssetsTest" name="searchCompany" time="5.317"/>
  <system-out/>
  <testcase classname="testPackage.CompanyAssetsTest" name="editCompany" time="12.341"/>
  <system-out/>
  <testcase classname="testPackage.CompanyAssetsTest" name="deleteCompany" time="7.439"/>
  <system-out/>
</testsuite> <!-- testPackage.CompanyAssetsTest -->
