<?xml version="1.0" encoding="UTF-8"?>
<!-- Generated by org.testng.reporters.JUnitReportReporter -->
<testsuite hostname="Jays-Mac-mini-3.local" failures="0" tests="4" name="testPackage.FieldAssetsTest" time="111.496" errors="0" timestamp="2024-02-21T18:20:40 IST" skipped="0">
  <testcase classname="testPackage.FieldAssetsTest" name="createField" time="73.115"/>
  <system-out/>
  <testcase classname="testPackage.FieldAssetsTest" name="searchFleld" time="4.110"/>
  <system-out/>
  <testcase classname="testPackage.FieldAssetsTest" name="editField" time="10.072"/>
  <system-out/>
  <testcase classname="testPackage.FieldAssetsTest" name="deleteField" time="24.199"/>
  <system-out/>
</testsuite> <!-- testPackage.FieldAssetsTest -->
