<?xml version="1.0" encoding="UTF-8"?>
<!-- Generated by org.testng.reporters.JUnitReportReporter -->
<testsuite hostname="Jays-Mac-mini-3.local" failures="0" tests="1" name="testPackage.FieldAssetsTest" time="8.668" errors="0" timestamp="2024-02-16T17:43:28 IST" skipped="0">
  <testcase classname="testPackage.FieldAssetsTest" name="createField" time="8.668"/>
  <system-out/>
</testsuite> <!-- testPackage.FieldAssetsTest -->
