<?xml version="1.0" encoding="UTF-8"?>
<!-- Generated by org.testng.reporters.JUnitReportReporter -->
<testsuite hostname="Jays-Mac-mini-3.local" failures="0" tests="4" name="testPackage.CompanyAssetsTest" time="69.395" errors="0" timestamp="2024-03-13T17:30:02 IST" skipped="0">
  <testcase classname="testPackage.CompanyAssetsTest" name="createCompany" time="27.753"/>
  <system-out/>
  <testcase classname="testPackage.CompanyAssetsTest" name="searchCompany" time="6.361"/>
  <system-out/>
  <testcase classname="testPackage.CompanyAssetsTest" name="editCompany" time="12.042"/>
  <system-out/>
  <testcase classname="testPackage.CompanyAssetsTest" name="deleteCompany" time="23.239"/>
  <system-out/>
</testsuite> <!-- testPackage.CompanyAssetsTest -->
