<?xml version="1.0" encoding="UTF-8"?>
<!-- Generated by org.testng.reporters.JUnitReportReporter -->
<testsuite hostname="Jays-Mac-mini-3.local" failures="0" tests="4" name="testPackage.OperatorAssetsTest" time="75.992" errors="0" timestamp="2024-04-10T18:13:21 IST" skipped="0">
  <testcase classname="testPackage.OperatorAssetsTest" name="createOperator" time="19.158"/>
  <system-out/>
  <testcase classname="testPackage.OperatorAssetsTest" name="searchOperator" time="12.061"/>
  <system-out/>
  <testcase classname="testPackage.OperatorAssetsTest" name="EditOperator" time="20.441"/>
  <system-out/>
  <testcase classname="testPackage.OperatorAssetsTest" name="deleteOperator" time="24.332"/>
  <system-out/>
</testsuite> <!-- testPackage.OperatorAssetsTest -->
