<?xml version="1.0" encoding="UTF-8"?>
<!-- Generated by org.testng.reporters.JUnitReportReporter -->
<testsuite hostname="Jays-Mac-mini-3.local" failures="0" tests="4" name="testPackage.LeaseGroupAssetsTest" time="82.112" errors="0" timestamp="2024-04-08T15:11:00 IST" skipped="0">
  <testcase classname="testPackage.LeaseGroupAssetsTest" name="createLeaseGroup" time="35.970"/>
  <system-out/>
  <testcase classname="testPackage.LeaseGroupAssetsTest" name="searchLeaseGroup" time="9.777"/>
  <system-out/>
  <testcase classname="testPackage.LeaseGroupAssetsTest" name="EditLeaseGroup" time="15.553"/>
  <system-out/>
  <testcase classname="testPackage.LeaseGroupAssetsTest" name="deleteLeaseGroup" time="20.812"/>
  <system-out/>
</testsuite> <!-- testPackage.LeaseGroupAssetsTest -->
