<?xml version="1.0" encoding="UTF-8"?>
<!-- Generated by org.testng.reporters.JUnitReportReporter -->
<testsuite hostname="Jays-Mac-mini-3.local" failures="0" tests="4" name="testPackage.LeaseAssetsTest" time="93.428" errors="0" timestamp="2024-03-14T14:22:32 IST" skipped="0">
  <testcase classname="testPackage.LeaseAssetsTest" name="createLease" time="36.784"/>
  <system-out/>
  <testcase classname="testPackage.LeaseAssetsTest" name="searchLease" time="10.012"/>
  <system-out/>
  <testcase classname="testPackage.LeaseAssetsTest" name="editField" time="15.570"/>
  <system-out/>
  <testcase classname="testPackage.LeaseAssetsTest" name="deleteLease" time="31.062"/>
  <system-out/>
</testsuite> <!-- testPackage.LeaseAssetsTest -->
