<?xml version="1.0" encoding="UTF-8"?>
<!-- Generated by org.testng.reporters.JUnitReportReporter -->
<testsuite hostname="Jays-Mac-mini-3.local" failures="0" tests="1" name="testPackage.LoginTest" time="18.505" errors="0" timestamp="2024-02-15T11:57:41 IST" skipped="0">
  <testcase classname="testPackage.LoginTest" name="validLoginTest" time="18.505"/>
  <system-out/>
</testsuite> <!-- testPackage.LoginTest -->
