<?xml version="1.0" encoding="UTF-8"?>
<!-- Generated by org.testng.reporters.JUnitReportReporter -->
<testsuite hostname="Jays-Mac-mini-3.local" failures="0" tests="3" name="testPackage.TankAssetsTest" time="63.302" errors="0" timestamp="2024-04-09T18:34:45 IST" skipped="0">
  <testcase classname="testPackage.TankAssetsTest" name="createTank" time="35.047"/>
  <system-out/>
  <testcase classname="testPackage.TankAssetsTest" name="editTank" time="13.569"/>
  <system-out/>
  <testcase classname="testPackage.TankAssetsTest" name="deleteTank" time="14.686"/>
  <system-out/>
</testsuite> <!-- testPackage.TankAssetsTest -->
