<?xml version="1.0" encoding="UTF-8"?>
<!-- Generated by org.testng.reporters.JUnitReportReporter -->
<testsuite hostname="Jays-Mac-mini-3.local" failures="0" tests="4" name="testPackage.CompanyAssetsTest" time="53.242" errors="0" timestamp="2024-02-26T19:04:05 IST" skipped="0">
  <testcase classname="testPackage.CompanyAssetsTest" name="createCompany" time="18.415"/>
  <system-out/>
  <testcase classname="testPackage.CompanyAssetsTest" name="searchCompany" time="3.108"/>
  <system-out/>
  <testcase classname="testPackage.CompanyAssetsTest" name="editCompany" time="8.738"/>
  <system-out/>
  <testcase classname="testPackage.CompanyAssetsTest" name="deleteCompany" time="22.981"/>
  <system-out/>
</testsuite> <!-- testPackage.CompanyAssetsTest -->
