<?xml version="1.0" encoding="UTF-8"?>
<!-- Generated by org.testng.reporters.JUnitReportReporter -->
<testsuite hostname="Jays-Mac-mini-3.local" failures="0" tests="3" name="testPackage.SubLeaseAssetsTest" time="126.102" errors="0" timestamp="2024-03-18T13:35:52 IST" skipped="2">
  <testcase classname="testPackage.SubLeaseAssetsTest" name="createLease" time="22.572">
    <skipped/>
  </testcase> <!-- createLease -->
  <system-out/>
  <testcase classname="testPackage.SubLeaseAssetsTest" name="createLease" time="63.426"/>
  <system-out/>
  <testcase classname="testPackage.SubLeaseAssetsTest" name="createLease" time="40.104">
    <skipped/>
  </testcase> <!-- createLease -->
  <system-out/>
</testsuite> <!-- testPackage.SubLeaseAssetsTest -->
