<?xml version="1.0" encoding="UTF-8"?>
<!-- Generated by org.testng.reporters.JUnitReportReporter -->
<testsuite hostname="Jays-Mac-mini-3.local" failures="0" tests="4" name="testPackage.LoginTest" time="33.173" errors="0" timestamp="2024-04-18T14:32:41 IST" skipped="0">
  <testcase classname="testPackage.LoginTest" name="loginWithUnformattedEmail" time="3.277"/>
  <system-out/>
  <testcase classname="testPackage.LoginTest" name="loginWithLessThenFiveCharPassword" time="2.849"/>
  <system-out/>
  <testcase classname="testPackage.LoginTest" name="loginWithUnRegisteredUser" time="4.081"/>
  <system-out/>
  <testcase classname="testPackage.LoginTest" name="validLoginTest" time="22.966"/>
  <system-out/>
</testsuite> <!-- testPackage.LoginTest -->
