<?xml version="1.0" encoding="UTF-8"?>
<!-- Generated by org.testng.reporters.JUnitReportReporter -->
<testsuite hostname="Jays-Mac-mini-3.local" failures="0" tests="4" name="testPackage.CompanyAssetsTest" time="41.293" errors="0" timestamp="2024-02-16T17:43:28 IST" skipped="0">
  <testcase classname="testPackage.CompanyAssetsTest" name="createCompany" time="8.261"/>
  <system-out/>
  <testcase classname="testPackage.CompanyAssetsTest" name="searchCompany" time="3.194"/>
  <system-out/>
  <testcase classname="testPackage.CompanyAssetsTest" name="editCompany" time="8.681"/>
  <system-out/>
  <testcase classname="testPackage.CompanyAssetsTest" name="deleteCompany" time="21.157"/>
  <system-out/>
</testsuite> <!-- testPackage.CompanyAssetsTest -->
