<?xml version="1.0" encoding="UTF-8"?>
<!-- Generated by org.testng.reporters.JUnitReportReporter -->
<testsuite hostname="Jays-Mac-mini-3.local" failures="0" tests="4" name="testPackage.OperatorAssetsTest" time="72.258" errors="0" timestamp="2024-04-12T12:04:25 IST" skipped="0">
  <testcase classname="testPackage.OperatorAssetsTest" name="createOperator" time="21.818"/>
  <system-out/>
  <testcase classname="testPackage.OperatorAssetsTest" name="searchOperator" time="11.781"/>
  <system-out/>
  <testcase classname="testPackage.OperatorAssetsTest" name="editOperator" time="16.311"/>
  <system-out/>
  <testcase classname="testPackage.OperatorAssetsTest" name="deleteOperator" time="22.348"/>
  <system-out/>
</testsuite> <!-- testPackage.OperatorAssetsTest -->
