<?xml version="1.0" encoding="UTF-8"?>
<!-- Generated by org.testng.reporters.JUnitReportReporter -->
<testsuite hostname="Jays-Mac-mini-3.local" failures="0" tests="4" name="testPackage.CompanyAssetsTest" time="89.025" errors="0" timestamp="2024-03-14T17:33:30 IST" skipped="0">
  <testcase classname="testPackage.CompanyAssetsTest" name="createCompany" time="22.523"/>
  <system-out/>
  <testcase classname="testPackage.CompanyAssetsTest" name="searchCompany" time="12.818"/>
  <system-out/>
  <testcase classname="testPackage.CompanyAssetsTest" name="editCompany" time="19.485"/>
  <system-out/>
  <testcase classname="testPackage.CompanyAssetsTest" name="deleteCompany" time="34.199"/>
  <system-out/>
</testsuite> <!-- testPackage.CompanyAssetsTest -->
