<?xml version="1.0" encoding="UTF-8"?>
<!-- Generated by org.testng.reporters.JUnitReportReporter -->
<testsuite hostname="Jays-Mac-mini-3.local" failures="0" tests="1" name="testPackage.LoginTest" time="15.756" errors="0" timestamp="2024-04-12T12:04:25 IST" skipped="0">
  <testcase classname="testPackage.LoginTest" name="validLoginTest" time="15.756"/>
  <system-out/>
</testsuite> <!-- testPackage.LoginTest -->
