<?xml version="1.0" encoding="UTF-8"?>
<!-- Generated by org.testng.reporters.JUnitReportReporter -->
<testsuite hostname="Jays-Mac-mini-3.local" failures="0" tests="4" name="testPackage.CompanyAssetsTest" time="100.056" errors="0" timestamp="2024-02-21T18:16:47 IST" skipped="0">
  <testcase classname="testPackage.CompanyAssetsTest" name="createCompany" time="66.393"/>
  <system-out/>
  <testcase classname="testPackage.CompanyAssetsTest" name="searchCompany" time="3.165"/>
  <system-out/>
  <testcase classname="testPackage.CompanyAssetsTest" name="editCompany" time="8.687"/>
  <system-out/>
  <testcase classname="testPackage.CompanyAssetsTest" name="deleteCompany" time="21.811"/>
  <system-out/>
</testsuite> <!-- testPackage.CompanyAssetsTest -->
