<?xml version="1.0" encoding="UTF-8"?>
<!-- Generated by org.testng.reporters.JUnitReportReporter -->
<testsuite hostname="Jays-Mac-mini-3.local" failures="0" tests="4" name="testPackage.LeaseAssetsTest" time="83.440" errors="0" timestamp="2024-04-08T15:11:00 IST" skipped="0">
  <testcase classname="testPackage.LeaseAssetsTest" name="createLease" time="36.948"/>
  <system-out/>
  <testcase classname="testPackage.LeaseAssetsTest" name="searchLease" time="9.839"/>
  <system-out/>
  <testcase classname="testPackage.LeaseAssetsTest" name="EditLease" time="15.367"/>
  <system-out/>
  <testcase classname="testPackage.LeaseAssetsTest" name="deleteLease" time="21.286"/>
  <system-out/>
</testsuite> <!-- testPackage.LeaseAssetsTest -->
