<?xml version="1.0" encoding="UTF-8"?>
<!-- Generated by org.testng.reporters.JUnitReportReporter -->
<testsuite hostname="Jays-Mac-mini-3.local" failures="0" tests="4" name="testPackage.LeaseAssetsTest" time="73.828" errors="0" timestamp="2024-04-12T12:04:25 IST" skipped="0">
  <testcase classname="testPackage.LeaseAssetsTest" name="createLease" time="26.380"/>
  <system-out/>
  <testcase classname="testPackage.LeaseAssetsTest" name="searchLease" time="9.804"/>
  <system-out/>
  <testcase classname="testPackage.LeaseAssetsTest" name="EditLease" time="15.460"/>
  <system-out/>
  <testcase classname="testPackage.LeaseAssetsTest" name="deleteLease" time="22.184"/>
  <system-out/>
</testsuite> <!-- testPackage.LeaseAssetsTest -->
