<?xml version="1.0" encoding="UTF-8"?>
<!-- Generated by org.testng.reporters.JUnitReportReporter -->
<testsuite hostname="Jays-Mac-mini-3.local" failures="0" tests="4" name="testPackage.FieldAssetsTest" time="72.445" errors="0" timestamp="2024-04-10T16:54:34 IST" skipped="0">
  <testcase classname="testPackage.FieldAssetsTest" name="createField" time="22.659"/>
  <system-out/>
  <testcase classname="testPackage.FieldAssetsTest" name="searchFleld" time="11.005"/>
  <system-out/>
  <testcase classname="testPackage.FieldAssetsTest" name="editField" time="16.545"/>
  <system-out/>
  <testcase classname="testPackage.FieldAssetsTest" name="deleteField" time="22.236"/>
  <system-out/>
</testsuite> <!-- testPackage.FieldAssetsTest -->
